This is pdfTeX, Version 3.14159265-2.6-1.40.16 (MiKTeX 2.9) (preloaded format=pdflatex 2015.9.18)  27 NOV 2015 02:02
entering extended mode
**Guia_9.tex
(Guia_9.tex
LaTeX2e <2015/01/01> patch level 2
Babel <3.9m> and hyphenation patterns for 69 languages loaded.
("C:\Program Files (x86)\MiKTeX 2.9\tex\latex\base\article.cls"
Document Class: article 2014/09/29 v1.4h Standard LaTeX document class
("C:\Program Files (x86)\MiKTeX 2.9\tex\latex\base\size10.clo"
File: size10.clo 2014/09/29 v1.4h Standard LaTeX file (size option)
)
\c@part=\count79
\c@section=\count80
\c@subsection=\count81
\c@subsubsection=\count82
\c@paragraph=\count83
\c@subparagraph=\count84
\c@figure=\count85
\c@table=\count86
\abovecaptionskip=\skip41
\belowcaptionskip=\skip42
\bibindent=\dimen102
)
("C:\Program Files (x86)\MiKTeX 2.9\tex\latex\graphics\graphicx.sty"
Package: graphicx 2014/10/28 v1.0g Enhanced LaTeX Graphics (DPC,SPQR)

("C:\Program Files (x86)\MiKTeX 2.9\tex\latex\graphics\keyval.sty"
Package: keyval 2014/10/28 v1.15 key=value parser (DPC)
\KV@toks@=\toks14
)
("C:\Program Files (x86)\MiKTeX 2.9\tex\latex\graphics\graphics.sty"
Package: graphics 2014/10/28 v1.0p Standard LaTeX Graphics (DPC,SPQR)

("C:\Program Files (x86)\MiKTeX 2.9\tex\latex\graphics\trig.sty"
Package: trig 1999/03/16 v1.09 sin cos tan (DPC)
)
("C:\Program Files (x86)\MiKTeX 2.9\tex\latex\00miktex\graphics.cfg"
File: graphics.cfg 2007/01/18 v1.5 graphics configuration of teTeX/TeXLive
)
Package graphics Info: Driver file: pdftex.def on input line 94.

("C:\Program Files (x86)\MiKTeX 2.9\tex\latex\pdftex-def\pdftex.def"
File: pdftex.def 2011/05/27 v0.06d Graphics/color for pdfTeX

("C:\Program Files (x86)\MiKTeX 2.9\tex\generic\oberdiek\infwarerr.sty"
Package: infwarerr 2010/04/08 v1.3 Providing info/warning/error messages (HO)
)
("C:\Program Files (x86)\MiKTeX 2.9\tex\generic\oberdiek\ltxcmds.sty"
Package: ltxcmds 2011/11/09 v1.22 LaTeX kernel commands for general use (HO)
)
\Gread@gobject=\count87
))
\Gin@req@height=\dimen103
\Gin@req@width=\dimen104
)
("C:\Program Files (x86)\MiKTeX 2.9\tex\latex\graphics\color.sty"
Package: color 2014/10/28 v1.1a Standard LaTeX Color (DPC)

("C:\Program Files (x86)\MiKTeX 2.9\tex\latex\00miktex\color.cfg"
File: color.cfg 2007/01/18 v1.5 color configuration of teTeX/TeXLive
)
Package color Info: Driver file: pdftex.def on input line 142.
) (framed.sty
Package: framed 2011/10/22 v 0.96: framed or shaded text with page breaks
\OuterFrameSep=\skip43
\fb@frw=\dimen105
\fb@frh=\dimen106
\FrameRule=\dimen107
\FrameSep=\dimen108
) ("C:\Program Files (x86)\MiKTeX 2.9\tex\latex\base\alltt.sty"
Package: alltt 1997/06/16 v2.0g defines alltt environment
)
("C:\Program Files (x86)\MiKTeX 2.9\tex\latex\upquote\upquote.sty"
Package: upquote 2012/04/19 v1.3 upright-quote and grave-accent glyphs in verba
tim
) (Guia_9.aux)
LaTeX Font Info:    Checking defaults for OML/cmm/m/it on input line 52.
LaTeX Font Info:    ... okay on input line 52.
LaTeX Font Info:    Checking defaults for T1/cmr/m/n on input line 52.
LaTeX Font Info:    ... okay on input line 52.
LaTeX Font Info:    Checking defaults for OT1/cmr/m/n on input line 52.
LaTeX Font Info:    ... okay on input line 52.
LaTeX Font Info:    Checking defaults for OMS/cmsy/m/n on input line 52.
LaTeX Font Info:    ... okay on input line 52.
LaTeX Font Info:    Checking defaults for OMX/cmex/m/n on input line 52.
LaTeX Font Info:    ... okay on input line 52.
LaTeX Font Info:    Checking defaults for U/cmr/m/n on input line 52.
LaTeX Font Info:    ... okay on input line 52.
 ("C:\Program Files (x86)\MiKTeX 2.9\tex\context\base\supp-pdf.mkii"
[Loading MPS to PDF converter (version 2006.09.02).]
\scratchcounter=\count88
\scratchdimen=\dimen109
\scratchbox=\box26
\nofMPsegments=\count89
\nofMParguments=\count90
\everyMPshowfont=\toks15
\MPscratchCnt=\count91
\MPscratchDim=\dimen110
\MPnumerator=\count92
\makeMPintoPDFobject=\count93
\everyMPtoPDFconversion=\toks16
)
Package color Info: Redefining color shadecolor on input line 55.
LaTeX Font Info:    Font shape `OT1/cmtt/bx/n' in size <10> not available
(Font)              Font shape `OT1/cmtt/m/n' tried instead on input line 58.
Missing character: There is no ñ in font cmtt10!
Missing character: There is no ñ in font cmtt10!
Missing character: There is no ñ in font cmtt10!
Missing character: There is no ñ in font cmtt10!

Overfull \hbox (1.49698pt too wide) in paragraph at lines 108--108
[]\OT1/cmtt/m/n/10 ##  [4] "package:knitr"     "package:stats"     "package:gra
phics"[] 
 []


Overfull \hbox (1.49698pt too wide) in paragraph at lines 108--108
[]\OT1/cmtt/m/n/10 ##  [7] "package:grDevices" "package:utils"     "package:dat
asets"[] 
 []

Missing character: There is no ñ in font cmtt10!
Missing character: There is no ñ in font cmtt10!
Missing character: There is no á in font cmitt10!

Overfull \hbox (300.74437pt too wide) in paragraph at lines 142--142
[][]\OT1/cmtt/m/n/10 barplot[][]([][]t[][](tablaCont),[] []main[][]=[][]"Grafic
o de barras (Estado, Ocupacion)"[][],[] []xlab[][]=[][]"Estado civil"[][],[] []
ylab[][]=[][]"Ocupacio"[][],[] []legend.text[][]=[][]TRUE[][])[][] 
 []

[1

{C:/Users/Roxy/AppData/Local/MiKTeX/2.9/pdftex/config/pdftex.map}]
<figure/unnamed-chunk-1-1.pdf, id=8, 505.89pt x 505.89pt>
File: figure/unnamed-chunk-1-1.pdf Graphic file (type pdf)

<use figure/unnamed-chunk-1-1.pdf>
Package pdftex.def Info: figure/unnamed-chunk-1-1.pdf used on input line 145.
(pdftex.def)             Requested size: 345.0pt x 345.00414pt.

Overfull \hbox (15.0pt too wide) in paragraph at lines 145--146
[][] 
 []

[2]
Overfull \hbox (374.24373pt too wide) in paragraph at lines 148--148
[][]\OT1/cmtt/m/n/10 barplot[][]([][]t[][](tablaCont),[] []main[][]=[][]"Grafic
o de barras (Estado, Ocupacion)"[][],[] []xlab[][]=[][]"Estado civil"[][],[] []
ylab[][]=[][]"Ocupacion"[][],[] []beside[][]=[][]TRUE[][],[] []legend.text[][]=
[][]TRUE[][])[][] 
 []

<figure/unnamed-chunk-1-2.pdf, id=12, 505.89pt x 505.89pt>
File: figure/unnamed-chunk-1-2.pdf Graphic file (type pdf)

<use figure/unnamed-chunk-1-2.pdf>
Package pdftex.def Info: figure/unnamed-chunk-1-2.pdf used on input line 151.
(pdftex.def)             Requested size: 345.0pt x 345.00414pt.

Overfull \hbox (15.0pt too wide) in paragraph at lines 151--152
[][] 
 []

[3 <./figure/unnamed-chunk-1-1.pdf>]
Missing character: There is no á in font cmtt10!
Missing character: There is no ó in font cmtt10!
Missing character: There is no ó in font cmtt10!
LaTeX Font Info:    Try loading font information for OMS+cmtt on input line 153
.

(C:/PROGRA~1/R/R-32~1.1/share/texmf/tex/latex\omscmtt.fd
File: omscmtt.fd 
)
LaTeX Font Info:    Font shape `OMS/cmtt/m/n' in size <10> not available
(Font)              Font shape `OMS/cmsy/m/n' tried instead on input line 153.

Overfull \hbox (347.74402pt too wide) in paragraph at lines 153--153
[][]\OT1/cmtt/m/n/10 barplot[][](tablaCont,[] []main[][]=[][]"Grfico de barras 
(Ocupacin, Estado)"[][],[] []xlab[][]=[][]"Ocupacin\OMS/cmsy/m/n/10 n\OT1/cmtt/
m/n/10 n"[][],[][]ylab[][]=[][]"Estado civil"[][],[] []beside[][]=[][]TRUE[][],
[] []legend.text[][]=[][]TRUE[][])[][] 
 []

<figure/unnamed-chunk-1-3.pdf, id=22, 505.89pt x 505.89pt>
File: figure/unnamed-chunk-1-3.pdf Graphic file (type pdf)

<use figure/unnamed-chunk-1-3.pdf>
Package pdftex.def Info: figure/unnamed-chunk-1-3.pdf used on input line 156.
(pdftex.def)             Requested size: 345.0pt x 345.00414pt.

Overfull \hbox (15.0pt too wide) in paragraph at lines 156--157
[][] 
 []

[4 <./figure/unnamed-chunk-1-2.pdf>]
Overfull \hbox (102.98222pt too wide) in paragraph at lines 167--167
[][]\OT1/cmtt/m/it/10 # Proporciones basadas en el total de la muestra, la suma
 de filas y columnas suman 1[][] 
 []

Missing character: There is no ñ in font cmtt10!

Overfull \hbox (379.24374pt too wide) in paragraph at lines 178--178
[][]\OT1/cmtt/m/n/10 barplot[][]([][]t[][](propTotal),[] []main[][]=[][]"Grafic
o de barras (Estado, Ocupacion)"[][],[] []xlab[][]=[][]"Estado civil\OMS/cmsy/m
/n/10 n\OT1/cmtt/m/n/10 n"[][],[][]ylab[][]=[][]"Ocupacion"[][],[] []beside[][]
=[][]TRUE[][],[] []legend.text[][]=[][]TRUE[][])[][] 
 []

<figure/unnamed-chunk-1-4.pdf, id=33, 505.89pt x 505.89pt>
File: figure/unnamed-chunk-1-4.pdf Graphic file (type pdf)

<use figure/unnamed-chunk-1-4.pdf>
Package pdftex.def Info: figure/unnamed-chunk-1-4.pdf used on input line 181.
(pdftex.def)             Requested size: 345.0pt x 345.00414pt.

Overfull \hbox (15.0pt too wide) in paragraph at lines 181--182
[][] 
 []

[5 <./figure/unnamed-chunk-1-3.pdf>]
Missing character: There is no ñ in font cmtt10!

Overfull \hbox (373.99379pt too wide) in paragraph at lines 195--195
[][]\OT1/cmtt/m/n/10 barplot[][]([][]t[][](propFila),[] []main[][]=[][]"Grafico
 de barras (Estado, Ocupacion)"[][],[] []xlab[][]=[][]"Estado civil\OMS/cmsy/m/
n/10 n\OT1/cmtt/m/n/10 n"[][],[][]ylab[][]=[][]"Ocupacion"[][],[] []beside[][]=
[][]TRUE[][],[] []legend.text[][]=[][]TRUE[][])[][] 
 []

<figure/unnamed-chunk-1-5.pdf, id=43, 505.89pt x 505.89pt>
File: figure/unnamed-chunk-1-5.pdf Graphic file (type pdf)

<use figure/unnamed-chunk-1-5.pdf>
Package pdftex.def Info: figure/unnamed-chunk-1-5.pdf used on input line 198.
(pdftex.def)             Requested size: 345.0pt x 345.00414pt.

Overfull \hbox (15.0pt too wide) in paragraph at lines 198--199
[][] 
 []

[6 <./figure/unnamed-chunk-1-4.pdf>]
Overfull \hbox (13.733pt too wide) in paragraph at lines 200--200
[][]\OT1/cmtt/m/it/10 # Proporciones basadas en el total por columna, cada colu
mna suma 1.[][] 
 []

Missing character: There is no ñ in font cmtt10!
Missing character: There is no á in font cmtt10!
Missing character: There is no ó in font cmtt10!
Missing character: There is no ó in font cmtt10!

Overfull \hbox (79.99635pt too wide) in paragraph at lines 212--212
[][]\OT1/cmtt/m/n/10 barplot[][](propColum,[] []main[][]=[][]"Grfico de barras 
(Ocupacin, Estado)"[][],[] []xlab[][]=[][]"Ocupacin\OMS/cmsy/m/n/10 n\OT1/cmtt/
m/n/10 n"[][],[][] 
 []

<figure/unnamed-chunk-1-6.pdf, id=53, 505.89pt x 505.89pt>
File: figure/unnamed-chunk-1-6.pdf Graphic file (type pdf)

<use figure/unnamed-chunk-1-6.pdf>
Package pdftex.def Info: figure/unnamed-chunk-1-6.pdf used on input line 216.
(pdftex.def)             Requested size: 345.0pt x 345.00414pt.

Overfull \hbox (15.0pt too wide) in paragraph at lines 216--217
[][] 
 []

[7 <./figure/unnamed-chunk-1-5.pdf>]
Missing character: There is no á in font cmitt10!
Missing character: There is no ó in font cmitt10!
Missing character: There is no á in font cmtt10!
Missing character: There is no ó in font cmtt10!

Overfull \hbox (95.99615pt too wide) in paragraph at lines 219--219
[][]\OT1/cmtt/m/n/10 barplot[][]([][]table[][](Ocupacion, Estado),[] []main[][]
=[][]"Grfico de barras (Estado, Ocupacin)"[][],[] []xlab[] []=[][] 
 []

Missing character: There is no ó in font cmtt10!
<figure/unnamed-chunk-1-7.pdf, id=64, 505.89pt x 505.89pt>
File: figure/unnamed-chunk-1-7.pdf Graphic file (type pdf)

<use figure/unnamed-chunk-1-7.pdf>
Package pdftex.def Info: figure/unnamed-chunk-1-7.pdf used on input line 223.
(pdftex.def)             Requested size: 345.0pt x 345.00414pt.

Overfull \hbox (15.0pt too wide) in paragraph at lines 223--224
[][] 
 []

[8 <./figure/unnamed-chunk-1-6.pdf>]
Missing character: There is no á in font cmtt10!
Missing character: There is no ó in font cmtt10!

Overfull \hbox (95.99615pt too wide) in paragraph at lines 225--225
[][]\OT1/cmtt/m/n/10 barplot[][]([][]table[][](Estado, Ocupacion),[] []main[][]
=[][]"Grfico de barras (Ocupacin, Estado)"[][],[] []xlab[] []=[][] 
 []

Missing character: There is no ó in font cmtt10!
<figure/unnamed-chunk-1-8.pdf, id=74, 505.89pt x 505.89pt>
File: figure/unnamed-chunk-1-8.pdf Graphic file (type pdf)

<use figure/unnamed-chunk-1-8.pdf>
Package pdftex.def Info: figure/unnamed-chunk-1-8.pdf used on input line 229.
(pdftex.def)             Requested size: 345.0pt x 345.00414pt.

Overfull \hbox (15.0pt too wide) in paragraph at lines 229--230
[][] 
 []

[9 <./figure/unnamed-chunk-1-7.pdf>]
Missing character: There is no á in font cmtt10!
Missing character: There is no ó in font cmtt10!

Overfull \hbox (59.24648pt too wide) in paragraph at lines 231--231
[][]\OT1/cmtt/m/n/10 barplot[][]([][]table[][](Estado, Ocupacion),[] []main[][]
=[][]"Grfico de barras (Ocupacin, Estado)"[][],[][] 
 []

Missing character: There is no ó in font cmtt10!

Overfull \hbox (106.49606pt too wide) in paragraph at lines 232--232
[][]\OT1/cmtt/m/n/10 xlab[][]=[][]"Ocupacin"[][],[] []ylab[][]=[][]"Estado civi
l"[][],[] []beside[][]=[][]TRUE[][],[] []legend.text[][]=[][]c[][]([][]"menor q
ue 2"[][],[] []"2-3"[][],[][] 
 []

<figure/unnamed-chunk-1-9.pdf, id=84, 505.89pt x 505.89pt>
File: figure/unnamed-chunk-1-9.pdf Graphic file (type pdf)

<use figure/unnamed-chunk-1-9.pdf>
Package pdftex.def Info: figure/unnamed-chunk-1-9.pdf used on input line 236.
(pdftex.def)             Requested size: 345.0pt x 345.00414pt.

Overfull \hbox (15.0pt too wide) in paragraph at lines 236--237
[][] 
 []

[10 <./figure/unnamed-chunk-1-8.pdf>]
Overfull \hbox (6.74693pt too wide) in paragraph at lines 243--243
[]\OT1/cmtt/m/n/10 ## Warning in chisq.test(tablaCont): Chi-squared approximati
on may
 []

Missing character: There is no ñ in font cmtt10!
[11 <./figure/unnamed-chunk-1-9.pdf>] [12] (Guia_9.aux) ) 
Here is how much of TeX's memory you used:
 1305 strings out of 493673
 18108 string characters out of 3141533
 79415 words of memory out of 3000000
 4675 multiletter control sequences out of 15000+200000
 3976 words of font info for 16 fonts, out of 3000000 for 9000
 1025 hyphenation exceptions out of 8191
 27i,5n,19p,403b,285s stack positions out of 5000i,500n,10000p,200000b,50000s
<C:/Program Files (x86
)/MiKTeX 2.9/fonts/type1/public/amsfonts/cm/cmitt10.pfb><C:/Program Files (x86)
/MiKTeX 2.9/fonts/type1/public/amsfonts/cm/cmr10.pfb><C:/Program Files (x86)/Mi
KTeX 2.9/fonts/type1/public/amsfonts/cm/cmsy10.pfb><C:/Program Files (x86)/MiKT
eX 2.9/fonts/type1/public/amsfonts/cm/cmtt10.pfb>
Output written on Guia_9.pdf (12 pages, 98851 bytes).
PDF statistics:
 120 PDF objects out of 1000 (max. 8388607)
 0 named destinations out of 1000 (max. 500000)
 46 words of extra memory for PDF output out of 10000 (max. 10000000)

