This is pdfTeX, Version 3.14159265-2.6-1.40.16 (MiKTeX 2.9) (preloaded format=pdflatex 2015.9.18)  26 NOV 2015 21:24
entering extended mode
**Guia_13.tex
(Guia_13.tex
LaTeX2e <2015/01/01> patch level 2
Babel <3.9m> and hyphenation patterns for 69 languages loaded.
("C:\Program Files (x86)\MiKTeX 2.9\tex\latex\base\article.cls"
Document Class: article 2014/09/29 v1.4h Standard LaTeX document class
("C:\Program Files (x86)\MiKTeX 2.9\tex\latex\base\size10.clo"
File: size10.clo 2014/09/29 v1.4h Standard LaTeX file (size option)
)
\c@part=\count79
\c@section=\count80
\c@subsection=\count81
\c@subsubsection=\count82
\c@paragraph=\count83
\c@subparagraph=\count84
\c@figure=\count85
\c@table=\count86
\abovecaptionskip=\skip41
\belowcaptionskip=\skip42
\bibindent=\dimen102
)
("C:\Program Files (x86)\MiKTeX 2.9\tex\latex\graphics\graphicx.sty"
Package: graphicx 2014/10/28 v1.0g Enhanced LaTeX Graphics (DPC,SPQR)

("C:\Program Files (x86)\MiKTeX 2.9\tex\latex\graphics\keyval.sty"
Package: keyval 2014/10/28 v1.15 key=value parser (DPC)
\KV@toks@=\toks14
)
("C:\Program Files (x86)\MiKTeX 2.9\tex\latex\graphics\graphics.sty"
Package: graphics 2014/10/28 v1.0p Standard LaTeX Graphics (DPC,SPQR)

("C:\Program Files (x86)\MiKTeX 2.9\tex\latex\graphics\trig.sty"
Package: trig 1999/03/16 v1.09 sin cos tan (DPC)
)
("C:\Program Files (x86)\MiKTeX 2.9\tex\latex\00miktex\graphics.cfg"
File: graphics.cfg 2007/01/18 v1.5 graphics configuration of teTeX/TeXLive
)
Package graphics Info: Driver file: pdftex.def on input line 94.

("C:\Program Files (x86)\MiKTeX 2.9\tex\latex\pdftex-def\pdftex.def"
File: pdftex.def 2011/05/27 v0.06d Graphics/color for pdfTeX

("C:\Program Files (x86)\MiKTeX 2.9\tex\generic\oberdiek\infwarerr.sty"
Package: infwarerr 2010/04/08 v1.3 Providing info/warning/error messages (HO)
)
("C:\Program Files (x86)\MiKTeX 2.9\tex\generic\oberdiek\ltxcmds.sty"
Package: ltxcmds 2011/11/09 v1.22 LaTeX kernel commands for general use (HO)
)
\Gread@gobject=\count87
))
\Gin@req@height=\dimen103
\Gin@req@width=\dimen104
)
("C:\Program Files (x86)\MiKTeX 2.9\tex\latex\graphics\color.sty"
Package: color 2014/10/28 v1.1a Standard LaTeX Color (DPC)

("C:\Program Files (x86)\MiKTeX 2.9\tex\latex\00miktex\color.cfg"
File: color.cfg 2007/01/18 v1.5 color configuration of teTeX/TeXLive
)
Package color Info: Driver file: pdftex.def on input line 142.
) (framed.sty
Package: framed 2011/10/22 v 0.96: framed or shaded text with page breaks
\OuterFrameSep=\skip43
\fb@frw=\dimen105
\fb@frh=\dimen106
\FrameRule=\dimen107
\FrameSep=\dimen108
) ("C:\Program Files (x86)\MiKTeX 2.9\tex\latex\base\alltt.sty"
Package: alltt 1997/06/16 v2.0g defines alltt environment
)
("C:\Program Files (x86)\MiKTeX 2.9\tex\latex\upquote\upquote.sty"
Package: upquote 2012/04/19 v1.3 upright-quote and grave-accent glyphs in verba
tim
)
(Guia_13.aux)
LaTeX Font Info:    Checking defaults for OML/cmm/m/it on input line 52.
LaTeX Font Info:    ... okay on input line 52.
LaTeX Font Info:    Checking defaults for T1/cmr/m/n on input line 52.
LaTeX Font Info:    ... okay on input line 52.
LaTeX Font Info:    Checking defaults for OT1/cmr/m/n on input line 52.
LaTeX Font Info:    ... okay on input line 52.
LaTeX Font Info:    Checking defaults for OMS/cmsy/m/n on input line 52.
LaTeX Font Info:    ... okay on input line 52.
LaTeX Font Info:    Checking defaults for OMX/cmex/m/n on input line 52.
LaTeX Font Info:    ... okay on input line 52.
LaTeX Font Info:    Checking defaults for U/cmr/m/n on input line 52.
LaTeX Font Info:    ... okay on input line 52.
 ("C:\Program Files (x86)\MiKTeX 2.9\tex\context\base\supp-pdf.mkii"
[Loading MPS to PDF converter (version 2006.09.02).]
\scratchcounter=\count88
\scratchdimen=\dimen109
\scratchbox=\box26
\nofMPsegments=\count89
\nofMParguments=\count90
\everyMPshowfont=\toks15
\MPscratchCnt=\count91
\MPscratchDim=\dimen110
\MPnumerator=\count92
\makeMPintoPDFobject=\count93
\everyMPtoPDFconversion=\toks16
)
Package color Info: Redefining color shadecolor on input line 55.
LaTeX Font Info:    Font shape `OT1/cmtt/bx/n' in size <10> not available
(Font)              Font shape `OT1/cmtt/m/n' tried instead on input line 59.

Overfull \hbox (53.99652pt too wide) in paragraph at lines 77--77
[]\OT1/cmtt/m/n/10 ##  [1]  1  2  3  4  5  6  7  8  9 10 11 12 13 14 15 16 17 1
8 19 20 21 22 23[] 
 []


Overfull \hbox (53.99652pt too wide) in paragraph at lines 77--77
[]\OT1/cmtt/m/n/10 ## [24] 24 25 26 27 28 29 30 31 32 33 34 35 36 37 38 39 40 4
1 42 43 44 45 46[] 
 []


Overfull \hbox (38.24666pt too wide) in paragraph at lines 98--98
[]\OT1/cmtt/m/n/10 ##  [1] "1 1" "2 1" "3 1" "4 1" "5 1" "6 1" "1 2" "2 2" "3 2
" "4 2" "5 2"[] 
 []


Overfull \hbox (38.24666pt too wide) in paragraph at lines 98--98
[]\OT1/cmtt/m/n/10 ## [12] "6 2" "1 3" "2 3" "3 3" "4 3" "5 3" "6 3" "1 4" "2 4
" "3 4" "4 4"[] 
 []


Overfull \hbox (38.24666pt too wide) in paragraph at lines 98--98
[]\OT1/cmtt/m/n/10 ## [23] "5 4" "6 4" "1 5" "2 5" "3 5" "4 5" "5 5" "6 5" "1 6
" "2 6" "3 6"[] 
 []


Overfull \hbox (153.74565pt too wide) in paragraph at lines 113--113
[][]\OT1/cmtt/m/n/10 naipe[] []=[] []paste[][]([][]rep[][]([][]c[][]([][]"A"[][
],[] []2[][]:[][]10[][],[] []"J"[][],[] []"Q"[][],[] []"K"[][]),[] []4[][]),[] 
[]c[][]([][]"OROS"[][],[][]"COPAS"[][],[] []"BASTOS"[][],[][]"ESPADAS"[][]));na
ipe[][] 
 []


Overfull \hbox (11.99689pt too wide) in paragraph at lines 127--127
[]\OT1/cmtt/m/n/10 ##  [1] "A OROS"     "2 COPAS"    "3 BASTOS"   "4 ESPADAS"  
"5 OROS"[] 
 []


Overfull \hbox (22.4968pt too wide) in paragraph at lines 127--127
[]\OT1/cmtt/m/n/10 ##  [6] "6 COPAS"    "7 BASTOS"   "8 ESPADAS"  "9 OROS"     
"10 COPAS"[] 
 []


Overfull \hbox (22.4968pt too wide) in paragraph at lines 127--127
[]\OT1/cmtt/m/n/10 ## [11] "J BASTOS"   "Q ESPADAS"  "K OROS"     "A COPAS"    
"2 BASTOS"[] 
 []


Overfull \hbox (27.74675pt too wide) in paragraph at lines 127--127
[]\OT1/cmtt/m/n/10 ## [16] "3 ESPADAS"  "4 OROS"     "5 COPAS"    "6 BASTOS"   
"7 ESPADAS"[] 
 []


Overfull \hbox (11.99689pt too wide) in paragraph at lines 127--127
[]\OT1/cmtt/m/n/10 ## [21] "8 OROS"     "9 COPAS"    "10 BASTOS"  "J ESPADAS"  
"Q OROS"[] 
 []


Overfull \hbox (17.24684pt too wide) in paragraph at lines 127--127
[]\OT1/cmtt/m/n/10 ## [26] "K COPAS"    "A BASTOS"   "2 ESPADAS"  "3 OROS"     
"4 COPAS"[] 
 []


Overfull \hbox (22.4968pt too wide) in paragraph at lines 127--127
[]\OT1/cmtt/m/n/10 ## [31] "5 BASTOS"   "6 ESPADAS"  "7 OROS"     "8 COPAS"    
"9 BASTOS"[] 
 []


Overfull \hbox (27.74675pt too wide) in paragraph at lines 127--127
[]\OT1/cmtt/m/n/10 ## [36] "10 ESPADAS" "J OROS"     "Q COPAS"    "K BASTOS"   
"A ESPADAS"[] 
 []


Overfull \hbox (11.99689pt too wide) in paragraph at lines 127--127
[]\OT1/cmtt/m/n/10 ## [41] "2 OROS"     "3 COPAS"    "4 BASTOS"   "5 ESPADAS"  
"6 OROS"[] 
 []


Overfull \hbox (17.24684pt too wide) in paragraph at lines 127--127
[]\OT1/cmtt/m/n/10 ## [46] "7 COPAS"    "8 BASTOS"   "9 ESPADAS"  "10 OROS"    
"J COPAS"[] 
 []


Overfull \hbox (87.23236pt too wide) in paragraph at lines 135--135
[][]\OT1/cmtt/m/it/10 # se obtiene la muestra sin reemplazo (aunque no se espec
ifique con replace=FALSE)[][] 
 []

LaTeX Font Info:    Try loading font information for OMS+cmtt on input line 143
.
(C:/PROGRA~1/R/R-32~1.1/share/texmf/tex/latex\omscmtt.fd
File: omscmtt.fd 
)
LaTeX Font Info:    Font shape `OMS/cmtt/m/n' in size <10> not available
(Font)              Font shape `OMS/cmsy/m/n' tried instead on input line 143.

Overfull \hbox (48.74657pt too wide) in paragraph at lines 165--165
[]\OT1/cmtt/m/n/10 ##  [1]   7  14  21  28  35  42  49  56  63  70  77  84  91 
 98 105 112 119[] 
 []


Overfull \hbox (48.74657pt too wide) in paragraph at lines 165--165
[]\OT1/cmtt/m/n/10 ## [18] 126 133 140 147 154 161 168 175 182 189 196 203 210 
217 224 231 238[] 
 []


Overfull \hbox (48.74657pt too wide) in paragraph at lines 165--165
[]\OT1/cmtt/m/n/10 ## [35] 245 252 259 266 273 280 287 294 301 308 315 322 329 
336 343 350 357[] 
 []


Overfull \hbox (48.74657pt too wide) in paragraph at lines 165--165
[]\OT1/cmtt/m/n/10 ## [52] 364 371 378 385 392 399 406 413 420 427 434 441 448 
455 462 469 476[] 
 []

[1

{C:/Users/Roxy/AppData/Local/MiKTeX/2.9/pdftex/config/pdftex.map}] [2]
(Guia_13.aux) ) 
Here is how much of TeX's memory you used:
 1259 strings out of 493673
 16757 string characters out of 3141533
 83415 words of memory out of 3000000
 4640 multiletter control sequences out of 15000+200000
 3976 words of font info for 16 fonts, out of 3000000 for 9000
 1025 hyphenation exceptions out of 8191
 27i,5n,19p,382b,284s stack positions out of 5000i,500n,10000p,200000b,50000s
<C:/Program Files (x86)/MiKTeX 2.9/fonts/type1/public/amsfonts/c
m/cmitt10.pfb><C:/Program Files (x86)/MiKTeX 2.9/fonts/type1/public/amsfonts/cm
/cmr10.pfb><C:/Program Files (x86)/MiKTeX 2.9/fonts/type1/public/amsfonts/cm/cm
sy10.pfb><C:/Program Files (x86)/MiKTeX 2.9/fonts/type1/public/amsfonts/cm/cmtt
10.pfb>
Output written on Guia_13.pdf (2 pages, 46970 bytes).
PDF statistics:
 25 PDF objects out of 1000 (max. 8388607)
 0 named destinations out of 1000 (max. 500000)
 1 words of extra memory for PDF output out of 10000 (max. 10000000)

