This is pdfTeX, Version 3.14159265-2.6-1.40.16 (MiKTeX 2.9) (preloaded format=pdflatex 2015.9.18)  27 NOV 2015 00:02
entering extended mode
**Guia_22.tex
(Guia_22.tex
LaTeX2e <2015/01/01> patch level 2
Babel <3.9m> and hyphenation patterns for 69 languages loaded.
("C:\Program Files (x86)\MiKTeX 2.9\tex\latex\base\article.cls"
Document Class: article 2014/09/29 v1.4h Standard LaTeX document class
("C:\Program Files (x86)\MiKTeX 2.9\tex\latex\base\size10.clo"
File: size10.clo 2014/09/29 v1.4h Standard LaTeX file (size option)
)
\c@part=\count79
\c@section=\count80
\c@subsection=\count81
\c@subsubsection=\count82
\c@paragraph=\count83
\c@subparagraph=\count84
\c@figure=\count85
\c@table=\count86
\abovecaptionskip=\skip41
\belowcaptionskip=\skip42
\bibindent=\dimen102
)
("C:\Program Files (x86)\MiKTeX 2.9\tex\latex\graphics\graphicx.sty"
Package: graphicx 2014/10/28 v1.0g Enhanced LaTeX Graphics (DPC,SPQR)

("C:\Program Files (x86)\MiKTeX 2.9\tex\latex\graphics\keyval.sty"
Package: keyval 2014/10/28 v1.15 key=value parser (DPC)
\KV@toks@=\toks14
)
("C:\Program Files (x86)\MiKTeX 2.9\tex\latex\graphics\graphics.sty"
Package: graphics 2014/10/28 v1.0p Standard LaTeX Graphics (DPC,SPQR)

("C:\Program Files (x86)\MiKTeX 2.9\tex\latex\graphics\trig.sty"
Package: trig 1999/03/16 v1.09 sin cos tan (DPC)
)
("C:\Program Files (x86)\MiKTeX 2.9\tex\latex\00miktex\graphics.cfg"
File: graphics.cfg 2007/01/18 v1.5 graphics configuration of teTeX/TeXLive
)
Package graphics Info: Driver file: pdftex.def on input line 94.

("C:\Program Files (x86)\MiKTeX 2.9\tex\latex\pdftex-def\pdftex.def"
File: pdftex.def 2011/05/27 v0.06d Graphics/color for pdfTeX

("C:\Program Files (x86)\MiKTeX 2.9\tex\generic\oberdiek\infwarerr.sty"
Package: infwarerr 2010/04/08 v1.3 Providing info/warning/error messages (HO)
)
("C:\Program Files (x86)\MiKTeX 2.9\tex\generic\oberdiek\ltxcmds.sty"
Package: ltxcmds 2011/11/09 v1.22 LaTeX kernel commands for general use (HO)
)
\Gread@gobject=\count87
))
\Gin@req@height=\dimen103
\Gin@req@width=\dimen104
)
("C:\Program Files (x86)\MiKTeX 2.9\tex\latex\graphics\color.sty"
Package: color 2014/10/28 v1.1a Standard LaTeX Color (DPC)

("C:\Program Files (x86)\MiKTeX 2.9\tex\latex\00miktex\color.cfg"
File: color.cfg 2007/01/18 v1.5 color configuration of teTeX/TeXLive
)
Package color Info: Driver file: pdftex.def on input line 142.
) (framed.sty
Package: framed 2011/10/22 v 0.96: framed or shaded text with page breaks
\OuterFrameSep=\skip43
\fb@frw=\dimen105
\fb@frh=\dimen106
\FrameRule=\dimen107
\FrameSep=\dimen108
) ("C:\Program Files (x86)\MiKTeX 2.9\tex\latex\base\alltt.sty"
Package: alltt 1997/06/16 v2.0g defines alltt environment
)
("C:\Program Files (x86)\MiKTeX 2.9\tex\latex\upquote\upquote.sty"
Package: upquote 2012/04/19 v1.3 upright-quote and grave-accent glyphs in verba
tim
)
(Guia_22.aux)
LaTeX Font Info:    Checking defaults for OML/cmm/m/it on input line 52.
LaTeX Font Info:    ... okay on input line 52.
LaTeX Font Info:    Checking defaults for T1/cmr/m/n on input line 52.
LaTeX Font Info:    ... okay on input line 52.
LaTeX Font Info:    Checking defaults for OT1/cmr/m/n on input line 52.
LaTeX Font Info:    ... okay on input line 52.
LaTeX Font Info:    Checking defaults for OMS/cmsy/m/n on input line 52.
LaTeX Font Info:    ... okay on input line 52.
LaTeX Font Info:    Checking defaults for OMX/cmex/m/n on input line 52.
LaTeX Font Info:    ... okay on input line 52.
LaTeX Font Info:    Checking defaults for U/cmr/m/n on input line 52.
LaTeX Font Info:    ... okay on input line 52.
 ("C:\Program Files (x86)\MiKTeX 2.9\tex\context\base\supp-pdf.mkii"
[Loading MPS to PDF converter (version 2006.09.02).]
\scratchcounter=\count88
\scratchdimen=\dimen109
\scratchbox=\box26
\nofMPsegments=\count89
\nofMParguments=\count90
\everyMPshowfont=\toks15
\MPscratchCnt=\count91
\MPscratchDim=\dimen110
\MPnumerator=\count92
\makeMPintoPDFobject=\count93
\everyMPtoPDFconversion=\toks16
)
Package color Info: Redefining color shadecolor on input line 55.
Missing character: There is no Ã in font cmitt10!
Missing character: There is no ³ in font cmitt10!

Overfull \hbox (8.48305pt too wide) in paragraph at lines 59--59
[][]\OT1/cmtt/m/it/10 #Construyendo una funcin en R para realizar la prueba de 
hipotesis.[][] 
 []

LaTeX Font Info:    Font shape `OT1/cmtt/bx/n' in size <10> not available
(Font)              Font shape `OT1/cmtt/m/n' tried instead on input line 60.
LaTeX Font Info:    Try loading font information for OMS+cmtt on input line 61.

(C:/PROGRA~1/R/R-32~1.1/share/texmf/tex/latex\omscmtt.fd
File: omscmtt.fd 
)
LaTeX Font Info:    Font shape `OMS/cmtt/m/n' in size <10> not available
(Font)              Font shape `OMS/cmsy/m/n' tried instead on input line 61.

Overfull \hbox (17.24684pt too wide) in paragraph at lines 70--70
[]    []\OT1/cmtt/m/n/10 Z[] []<-[] []qnorm[][](alfa,[] []mean[][]=[][]0[][],[]
 []sd[][]=[][]1[][],[] []lower.tail[] []=[] []FALSE[][],[] []log.p[] []=[] []FA
LSE[][])[][] 
 []


Overfull \hbox (111.74602pt too wide) in paragraph at lines 72--72
[]    []\OT1/cmtt/m/n/10 valores[] []<-[] []rbind[][]([][]Prop_Estimada[][]=pe,
[] []Prop_Hipotetica[][]=po,[] []Z_critico[][]=Z,[][]Estadistico[][]= Zo)[][] 
 []


Overfull \hbox (27.74675pt too wide) in paragraph at lines 76--76
[]    []\OT1/cmtt/m/n/10 Z[] []<-[] []qnorm[][](alfa[][]/[][]2[][],[] []mean[][
]=[][]0[][],[] []sd[][]=[][]1[][],[] []lower.tail[] []=[] []FALSE[][],[] []log.
p[] []=[] []FALSE[][])[][] 
 []


Overfull \hbox (69.74638pt too wide) in paragraph at lines 78--78
[]    []\OT1/cmtt/m/n/10 valores[] []<-[] []rbind[][]([][]Prop_Estimada[][]=pe,
[] []Prop_Hipotetica[] []=po,[] []Z_critico_menor[][]=[][]-[][]Z,[][] 
 []


Overfull \hbox (17.24684pt too wide) in paragraph at lines 83--83
[]    []\OT1/cmtt/m/n/10 if[] [](Zo[] []< -[][]Z) decision[] []<-[] []paste[][]
([][]"Como Estadistico <"[][],[] []round[][]([][]-[][]Z,[][]3[][]),[][] 
 []


Overfull \hbox (6.74693pt too wide) in paragraph at lines 90--90
[]    []\OT1/cmtt/m/n/10 if[] [](Zo[] []>[] []Z) decision[] []<-[] []paste[][](
[][]"Como Estadistico >"[][],[] []round[][](Z,[][]3[][]),[][] 
 []


Overfull \hbox (17.24684pt too wide) in paragraph at lines 97--97
[]    []\OT1/cmtt/m/n/10 if[] [](Zo[] []< -[][]Z) decision[] []<-[] []paste[][]
([][]"Como Estadistico <"[][],[] []round[][]([][]-[][]Z,[][]3[][]),[][] 
 []


Overfull \hbox (6.74693pt too wide) in paragraph at lines 99--99
[]    []\OT1/cmtt/m/n/10 if[] [](Zo[] []>[] []Z) decision[] []<-[] []paste[][](
[][]"Como Estadistico >"[][],[] []round[][](Z,[][]3[][]),[][] 
 []


Overfull \hbox (38.24666pt too wide) in paragraph at lines 101--101
[]    []\OT1/cmtt/m/n/10 else[] []decision[] []<-[] []paste[][]([][]"Como Estad
istico pertenece a ["[][],[] []round[][]([][]-[][]Z,[][]3[][]),[][] 
 []


Overfull \hbox (6.74693pt too wide) in paragraph at lines 143--143
[][]\OT1/cmtt/m/n/10 prop.test[][]([][]x[][]=[][]23[][],[] []n[][]=[][]100[][],
[] []p[][]=[][]0.15[][],[] []alternative[][]=[][]"less"[][],[] []conf.level[][]
=[][]0.95[][])[][] 
 []


Overfull \hbox (22.4968pt too wide) in paragraph at lines 159--159
[][]\OT1/cmtt/m/n/10 prop.test[][]([][]x[][]=[][]23[][],[] []n[][]=[][]100[][],
[] []p[][]=[][]0.15[][],[] []alternative[][]=[][]"greater"[][],[] []conf.level[
][]=[][]0.95[][])[][] 
 []


Overfull \hbox (32.9967pt too wide) in paragraph at lines 175--175
[][]\OT1/cmtt/m/n/10 prop.test[][]([][]x[][]=[][]23[][],[] []n[][]=[][]100[][],
[] []p[][]=[][]0.15[][],[] []alternative[][]=[][]"two.sided"[][],[] []conf.leve
l[][]=[][]0.95[][])[][] 
 []


Underfull \vbox (badness 10000) detected at line 190
 []


Underfull \vbox (badness 10000) detected at line 190
 []

[1

{C:/Users/Roxy/AppData/Local/MiKTeX/2.9/pdftex/config/pdftex.map}] [2]
Package color Info: Redefining color shadecolor on input line 194.

Overfull \hbox (17.24684pt too wide) in paragraph at lines 211--211
[]    []\OT1/cmtt/m/n/10 if[] [](Zo[] []< -[][]Z) decision[] []<-[] []paste[][]
([][]"Como Estadistico <"[][],[] []round[][]([][]-[][]Z,[][]3[][]),[][] 
 []


Overfull \hbox (6.74693pt too wide) in paragraph at lines 218--218
[]    []\OT1/cmtt/m/n/10 if[] [](Zo[] []>[] []Z) decision[] []<-[] []paste[][](
[][]"Como Estadistico >"[][],[] []round[][](Z,[][]3[][]),[][] 
 []


Overfull \hbox (17.24684pt too wide) in paragraph at lines 225--225
[]    []\OT1/cmtt/m/n/10 if[] [](Zo[] []< -[][]Z) decision[] []<-[] []paste[][]
([][]"Como Estadistico <"[][],[] []round[][]([][]-[][]Z,[][]3[][]),[][] 
 []


Overfull \hbox (6.74693pt too wide) in paragraph at lines 227--227
[]    []\OT1/cmtt/m/n/10 if[] [](Zo[] []>[] []Z) decision[] []<-[] []paste[][](
[][]"Como Estadistico >"[][],[] []round[][](Z,[][]3[][]),[][] 
 []


Overfull \hbox (38.24666pt too wide) in paragraph at lines 229--229
[]    []\OT1/cmtt/m/n/10 else[] []decision[] []<-[] []paste[][]([][]"Como Estad
istico pertenece a ["[][],[] []round[][]([][]-[][]Z,[][]3[][]),[][] 
 []

[3] [4] (Guia_22.aux) ) 
Here is how much of TeX's memory you used:
 1259 strings out of 493673
 16757 string characters out of 3141533
 95728 words of memory out of 3000000
 4640 multiletter control sequences out of 15000+200000
 3976 words of font info for 16 fonts, out of 3000000 for 9000
 1025 hyphenation exceptions out of 8191
 27i,5n,19p,286b,276s stack positions out of 5000i,500n,10000p,200000b,50000s
<C:/Program Files (x86)/MiKTeX 2.9/fonts/type1/public/am
sfonts/cm/cmitt10.pfb><C:/Program Files (x86)/MiKTeX 2.9/fonts/type1/public/ams
fonts/cm/cmr10.pfb><C:/Program Files (x86)/MiKTeX 2.9/fonts/type1/public/amsfon
ts/cm/cmsy10.pfb><C:/Program Files (x86)/MiKTeX 2.9/fonts/type1/public/amsfonts
/cm/cmtt10.pfb>
Output written on Guia_22.pdf (4 pages, 52951 bytes).
PDF statistics:
 31 PDF objects out of 1000 (max. 8388607)
 0 named destinations out of 1000 (max. 500000)
 1 words of extra memory for PDF output out of 10000 (max. 10000000)

