This is pdfTeX, Version 3.14159265-2.6-1.40.16 (MiKTeX 2.9) (preloaded format=pdflatex 2015.9.18)  27 NOV 2015 01:16
entering extended mode
**Guia_16.tex
(Guia_16.tex
LaTeX2e <2015/01/01> patch level 2
Babel <3.9m> and hyphenation patterns for 69 languages loaded.
("C:\Program Files (x86)\MiKTeX 2.9\tex\latex\base\article.cls"
Document Class: article 2014/09/29 v1.4h Standard LaTeX document class
("C:\Program Files (x86)\MiKTeX 2.9\tex\latex\base\size10.clo"
File: size10.clo 2014/09/29 v1.4h Standard LaTeX file (size option)
)
\c@part=\count79
\c@section=\count80
\c@subsection=\count81
\c@subsubsection=\count82
\c@paragraph=\count83
\c@subparagraph=\count84
\c@figure=\count85
\c@table=\count86
\abovecaptionskip=\skip41
\belowcaptionskip=\skip42
\bibindent=\dimen102
)
("C:\Program Files (x86)\MiKTeX 2.9\tex\latex\graphics\graphicx.sty"
Package: graphicx 2014/10/28 v1.0g Enhanced LaTeX Graphics (DPC,SPQR)

("C:\Program Files (x86)\MiKTeX 2.9\tex\latex\graphics\keyval.sty"
Package: keyval 2014/10/28 v1.15 key=value parser (DPC)
\KV@toks@=\toks14
)
("C:\Program Files (x86)\MiKTeX 2.9\tex\latex\graphics\graphics.sty"
Package: graphics 2014/10/28 v1.0p Standard LaTeX Graphics (DPC,SPQR)

("C:\Program Files (x86)\MiKTeX 2.9\tex\latex\graphics\trig.sty"
Package: trig 1999/03/16 v1.09 sin cos tan (DPC)
)
("C:\Program Files (x86)\MiKTeX 2.9\tex\latex\00miktex\graphics.cfg"
File: graphics.cfg 2007/01/18 v1.5 graphics configuration of teTeX/TeXLive
)
Package graphics Info: Driver file: pdftex.def on input line 94.

("C:\Program Files (x86)\MiKTeX 2.9\tex\latex\pdftex-def\pdftex.def"
File: pdftex.def 2011/05/27 v0.06d Graphics/color for pdfTeX

("C:\Program Files (x86)\MiKTeX 2.9\tex\generic\oberdiek\infwarerr.sty"
Package: infwarerr 2010/04/08 v1.3 Providing info/warning/error messages (HO)
)
("C:\Program Files (x86)\MiKTeX 2.9\tex\generic\oberdiek\ltxcmds.sty"
Package: ltxcmds 2011/11/09 v1.22 LaTeX kernel commands for general use (HO)
)
\Gread@gobject=\count87
))
\Gin@req@height=\dimen103
\Gin@req@width=\dimen104
)
("C:\Program Files (x86)\MiKTeX 2.9\tex\latex\graphics\color.sty"
Package: color 2014/10/28 v1.1a Standard LaTeX Color (DPC)

("C:\Program Files (x86)\MiKTeX 2.9\tex\latex\00miktex\color.cfg"
File: color.cfg 2007/01/18 v1.5 color configuration of teTeX/TeXLive
)
Package color Info: Driver file: pdftex.def on input line 142.
) (framed.sty
Package: framed 2011/10/22 v 0.96: framed or shaded text with page breaks
\OuterFrameSep=\skip43
\fb@frw=\dimen105
\fb@frh=\dimen106
\FrameRule=\dimen107
\FrameSep=\dimen108
) ("C:\Program Files (x86)\MiKTeX 2.9\tex\latex\base\alltt.sty"
Package: alltt 1997/06/16 v2.0g defines alltt environment
)
("C:\Program Files (x86)\MiKTeX 2.9\tex\latex\upquote\upquote.sty"
Package: upquote 2012/04/19 v1.3 upright-quote and grave-accent glyphs in verba
tim
)
(Guia_16.aux)
LaTeX Font Info:    Checking defaults for OML/cmm/m/it on input line 52.
LaTeX Font Info:    ... okay on input line 52.
LaTeX Font Info:    Checking defaults for T1/cmr/m/n on input line 52.
LaTeX Font Info:    ... okay on input line 52.
LaTeX Font Info:    Checking defaults for OT1/cmr/m/n on input line 52.
LaTeX Font Info:    ... okay on input line 52.
LaTeX Font Info:    Checking defaults for OMS/cmsy/m/n on input line 52.
LaTeX Font Info:    ... okay on input line 52.
LaTeX Font Info:    Checking defaults for OMX/cmex/m/n on input line 52.
LaTeX Font Info:    ... okay on input line 52.
LaTeX Font Info:    Checking defaults for U/cmr/m/n on input line 52.
LaTeX Font Info:    ... okay on input line 52.
 ("C:\Program Files (x86)\MiKTeX 2.9\tex\context\base\supp-pdf.mkii"
[Loading MPS to PDF converter (version 2006.09.02).]
\scratchcounter=\count88
\scratchdimen=\dimen109
\scratchbox=\box26
\nofMPsegments=\count89
\nofMParguments=\count90
\everyMPshowfont=\toks15
\MPscratchCnt=\count91
\MPscratchDim=\dimen110
\MPnumerator=\count92
\makeMPintoPDFobject=\count93
\everyMPtoPDFconversion=\toks16
)
Package color Info: Redefining color shadecolor on input line 55.
Missing character: There is no ñ in font cmitt10!
Missing character: There is no ú in font cmitt10!
LaTeX Font Info:    Font shape `OT1/cmtt/bx/n' in size <10> not available
(Font)              Font shape `OT1/cmtt/m/n' tried instead on input line 62.

Overfull \hbox (43.49661pt too wide) in paragraph at lines 84--84
[]\OT1/cmtt/m/n/10 ##   [1] -1.0954451 -0.3651484  1.8257419 -0.3651484 -0.3651
484 -0.3651484[] 
 []


Overfull \hbox (43.49661pt too wide) in paragraph at lines 84--84
[]\OT1/cmtt/m/n/10 ##   [7]  1.8257419 -1.8257419 -1.0954451  1.8257419  0.3651
484  1.0954451[] 
 []


Overfull \hbox (43.49661pt too wide) in paragraph at lines 84--84
[]\OT1/cmtt/m/n/10 ##  [13] -0.3651484 -0.3651484 -0.3651484  0.3651484  0.3651
484  0.3651484[] 
 []


Overfull \hbox (43.49661pt too wide) in paragraph at lines 84--84
[]\OT1/cmtt/m/n/10 ##  [19] -1.0954451 -1.0954451 -1.8257419  0.3651484  0.3651
484 -1.0954451[] 
 []


Overfull \hbox (43.49661pt too wide) in paragraph at lines 84--84
[]\OT1/cmtt/m/n/10 ##  [25] -1.0954451 -0.3651484  0.3651484  1.0954451 -0.3651
484  0.3651484[] 
 []


Overfull \hbox (43.49661pt too wide) in paragraph at lines 84--84
[]\OT1/cmtt/m/n/10 ##  [31]  0.3651484  1.8257419 -0.3651484 -0.3651484  0.3651
484 -0.3651484[] 
 []


Overfull \hbox (43.49661pt too wide) in paragraph at lines 84--84
[]\OT1/cmtt/m/n/10 ##  [37] -0.3651484  0.3651484  1.0954451  0.3651484 -0.3651
484 -1.0954451[] 
 []


Overfull \hbox (43.49661pt too wide) in paragraph at lines 84--84
[]\OT1/cmtt/m/n/10 ##  [43]  0.3651484 -0.3651484  1.0954451 -0.3651484  0.3651
484 -1.8257419[] 
 []


Overfull \hbox (43.49661pt too wide) in paragraph at lines 84--84
[]\OT1/cmtt/m/n/10 ##  [49] -1.0954451  1.0954451 -1.0954451  0.3651484  1.8257
419 -1.8257419[] 
 []


Overfull \hbox (43.49661pt too wide) in paragraph at lines 84--84
[]\OT1/cmtt/m/n/10 ##  [55]  1.0954451  0.3651484 -1.0954451  0.3651484 -0.3651
484 -1.0954451[] 
 []


Overfull \hbox (43.49661pt too wide) in paragraph at lines 84--84
[]\OT1/cmtt/m/n/10 ##  [61] -0.3651484 -1.0954451  1.8257419 -1.8257419  1.0954
451 -1.0954451[] 
 []


Overfull \hbox (43.49661pt too wide) in paragraph at lines 84--84
[]\OT1/cmtt/m/n/10 ##  [67] -0.3651484  1.0954451 -0.3651484 -1.0954451 -0.3651
484  0.3651484[] 
 []


Overfull \hbox (43.49661pt too wide) in paragraph at lines 84--84
[]\OT1/cmtt/m/n/10 ##  [73]  0.3651484 -1.0954451 -1.0954451  1.0954451 -1.8257
419  1.0954451[] 
 []


Overfull \hbox (43.49661pt too wide) in paragraph at lines 84--84
[]\OT1/cmtt/m/n/10 ##  [79]  0.3651484  0.3651484 -1.0954451  0.3651484  1.8257
419 -1.0954451[] 
 []


Overfull \hbox (43.49661pt too wide) in paragraph at lines 84--84
[]\OT1/cmtt/m/n/10 ##  [85] -1.0954451  0.3651484 -1.0954451 -1.0954451 -0.3651
484  0.3651484[] 
 []


Overfull \hbox (43.49661pt too wide) in paragraph at lines 84--84
[]\OT1/cmtt/m/n/10 ##  [91] -1.0954451 -1.0954451 -1.0954451 -0.3651484  0.3651
484  0.3651484[] 
 []

Missing character: There is no ú in font cmtt10!
Missing character: There is no á in font cmtt10!

Overfull \hbox (95.99615pt too wide) in paragraph at lines 86--86
[][]\OT1/cmtt/m/n/10 hist[][](Z,[] []main[][]=[][]"Histograma de Z ~ N(0, 1)"[]
[],[] []xlab[][]=[][]"z = nmero binomiales estndarizados"[][],[][] 
 []


Overfull \hbox (1.49698pt too wide) in paragraph at lines 88--88
[][]\OT1/cmtt/m/n/10 curve[][]([][]dnorm[][](x,[] []0[][],[] []1[][]),[] []col[
] []=[] []"deepskyblue"[][],[] []lty[][]=[][]2[][],[] []lwd[][]=[][]2[][],[] []
add[][]=[][]TRUE[][])[][] 
 []

<figure/unnamed-chunk-1-1.pdf, id=1, 505.89pt x 505.89pt>
File: figure/unnamed-chunk-1-1.pdf Graphic file (type pdf)

<use figure/unnamed-chunk-1-1.pdf>
Package pdftex.def Info: figure/unnamed-chunk-1-1.pdf used on input line 91.
(pdftex.def)             Requested size: 345.0pt x 345.00414pt.

Overfull \hbox (15.0pt too wide) in paragraph at lines 91--92
[][] 
 []

[1

{C:/Users/Roxy/AppData/Local/MiKTeX/2.9/pdftex/config/pdftex.map}]
LaTeX Font Info:    Try loading font information for OMS+cmtt on input line 94.


(C:/PROGRA~1/R/R-32~1.1/share/texmf/tex/latex\omscmtt.fd
File: omscmtt.fd 
)
LaTeX Font Info:    Font shape `OMS/cmtt/m/n' in size <10> not available
(Font)              Font shape `OMS/cmsy/m/n' tried instead on input line 94.
Missing character: There is no ú in font cmitt10!
Missing character: There is no á in font cmtt10!

Overfull \hbox (74.99634pt too wide) in paragraph at lines 109--110
[][]\OT1/cmtt/m/n/10 hist[][](MediasEstand,[] []main[][]=[][]"Histograma de med
ias estndarizadas"[][],[] []xlab[][]=[][]"Valores de m[] 
 []

Missing character: There is no á in font cmtt10!

Overfull \vbox (0.9708pt too high) detected at line 113
 []

[2 <./figure/unnamed-chunk-1-1.pdf>]
<figure/unnamed-chunk-1-2.pdf, id=19, 505.89pt x 505.89pt>
File: figure/unnamed-chunk-1-2.pdf Graphic file (type pdf)

<use figure/unnamed-chunk-1-2.pdf>
Package pdftex.def Info: figure/unnamed-chunk-1-2.pdf used on input line 114.
(pdftex.def)             Requested size: 345.0pt x 345.00414pt.

Overfull \hbox (15.0pt too wide) in paragraph at lines 114--115
[][] 
 []

Missing character: There is no í in font cmitt10!
<figure/unnamed-chunk-1-3.pdf, id=20, 505.89pt x 505.89pt>
File: figure/unnamed-chunk-1-3.pdf Graphic file (type pdf)

<use figure/unnamed-chunk-1-3.pdf>
Package pdftex.def Info: figure/unnamed-chunk-1-3.pdf used on input line 121.
(pdftex.def)             Requested size: 345.0pt x 345.00414pt.

Overfull \hbox (15.0pt too wide) in paragraph at lines 121--122
[][] 
 []

[3 <./figure/unnamed-chunk-1-2.pdf>]
Missing character: There is no á in font cmtt10!

Overfull \hbox (80.24629pt too wide) in paragraph at lines 141--141
[][]\OT1/cmtt/m/n/10 hist[][](MediasEstand,[] []main[][]=[][]"Medias Exp(10); n
=1"[][],[] []xlab[][]=[][]"m medias exp estndarizadas"[][],[][] 
 []


Overfull \hbox (22.4968pt too wide) in paragraph at lines 144--144
[][]\OT1/cmtt/m/n/10 points[][](xvals,[] []dnorm[][](xvals,[] []0[][],[] []1[][
]),[] []col[] []=[] []"red"[][],[] []type[][]=[][]"l"[][],[] []lty[][]=[][]1[][
],[] []lwd[][]=[][]2[][])[][] 
 []

Missing character: There is no á in font cmtt10!

Overfull \hbox (80.24629pt too wide) in paragraph at lines 149--149
[][]\OT1/cmtt/m/n/10 hist[][](MediasEstand,[] []main[][]=[][]"Medias Exp(10); n
=5"[][],[] []xlab[][]=[][]"m medias exp estndarizadas"[][],[][] 
 []


Overfull \hbox (22.4968pt too wide) in paragraph at lines 152--152
[][]\OT1/cmtt/m/n/10 points[][](xvals,[] []dnorm[][](xvals,[] []0[][],[] []1[][
]),[] []col[] []=[] []"red"[][],[] []type[][]=[][]"l"[][],[] []lty[][]=[][]1[][
],[] []lwd[][]=[][]2[][])[][] 
 []

[4 <./figure/unnamed-chunk-1-3.pdf>]
<figure/unnamed-chunk-1-4.pdf, id=39, 505.89pt x 505.89pt>
File: figure/unnamed-chunk-1-4.pdf Graphic file (type pdf)

<use figure/unnamed-chunk-1-4.pdf>
Package pdftex.def Info: figure/unnamed-chunk-1-4.pdf used on input line 155.
(pdftex.def)             Requested size: 345.0pt x 345.00414pt.

Overfull \hbox (15.0pt too wide) in paragraph at lines 155--156
[][] 
 []

[5 <./figure/unnamed-chunk-1-4.pdf>] (Guia_16.aux) ) 
Here is how much of TeX's memory you used:
 1281 strings out of 493673
 17376 string characters out of 3141533
 75415 words of memory out of 3000000
 4656 multiletter control sequences out of 15000+200000
 3976 words of font info for 16 fonts, out of 3000000 for 9000
 1025 hyphenation exceptions out of 8191
 27i,5n,19p,293b,285s stack positions out of 5000i,500n,10000p,200000b,50000s
<C:/Program Files (x86)/MiK
TeX 2.9/fonts/type1/public/amsfonts/cm/cmitt10.pfb><C:/Program Files (x86)/MiKT
eX 2.9/fonts/type1/public/amsfonts/cm/cmr10.pfb><C:/Program Files (x86)/MiKTeX 
2.9/fonts/type1/public/amsfonts/cm/cmsy10.pfb><C:/Program Files (x86)/MiKTeX 2.
9/fonts/type1/public/amsfonts/cm/cmtt10.pfb>
Output written on Guia_16.pdf (5 pages, 87446 bytes).
PDF statistics:
 62 PDF objects out of 1000 (max. 8388607)
 0 named destinations out of 1000 (max. 500000)
 21 words of extra memory for PDF output out of 10000 (max. 10000000)

