This is pdfTeX, Version 3.14159265-2.6-1.40.16 (MiKTeX 2.9) (preloaded format=pdflatex 2015.9.18)  27 NOV 2015 01:49
entering extended mode
**Guia_14.tex
(Guia_14.tex
LaTeX2e <2015/01/01> patch level 2
Babel <3.9m> and hyphenation patterns for 69 languages loaded.
("C:\Program Files (x86)\MiKTeX 2.9\tex\latex\base\article.cls"
Document Class: article 2014/09/29 v1.4h Standard LaTeX document class
("C:\Program Files (x86)\MiKTeX 2.9\tex\latex\base\size10.clo"
File: size10.clo 2014/09/29 v1.4h Standard LaTeX file (size option)
)
\c@part=\count79
\c@section=\count80
\c@subsection=\count81
\c@subsubsection=\count82
\c@paragraph=\count83
\c@subparagraph=\count84
\c@figure=\count85
\c@table=\count86
\abovecaptionskip=\skip41
\belowcaptionskip=\skip42
\bibindent=\dimen102
)
("C:\Program Files (x86)\MiKTeX 2.9\tex\latex\graphics\graphicx.sty"
Package: graphicx 2014/10/28 v1.0g Enhanced LaTeX Graphics (DPC,SPQR)

("C:\Program Files (x86)\MiKTeX 2.9\tex\latex\graphics\keyval.sty"
Package: keyval 2014/10/28 v1.15 key=value parser (DPC)
\KV@toks@=\toks14
)
("C:\Program Files (x86)\MiKTeX 2.9\tex\latex\graphics\graphics.sty"
Package: graphics 2014/10/28 v1.0p Standard LaTeX Graphics (DPC,SPQR)

("C:\Program Files (x86)\MiKTeX 2.9\tex\latex\graphics\trig.sty"
Package: trig 1999/03/16 v1.09 sin cos tan (DPC)
)
("C:\Program Files (x86)\MiKTeX 2.9\tex\latex\00miktex\graphics.cfg"
File: graphics.cfg 2007/01/18 v1.5 graphics configuration of teTeX/TeXLive
)
Package graphics Info: Driver file: pdftex.def on input line 94.

("C:\Program Files (x86)\MiKTeX 2.9\tex\latex\pdftex-def\pdftex.def"
File: pdftex.def 2011/05/27 v0.06d Graphics/color for pdfTeX

("C:\Program Files (x86)\MiKTeX 2.9\tex\generic\oberdiek\infwarerr.sty"
Package: infwarerr 2010/04/08 v1.3 Providing info/warning/error messages (HO)
)
("C:\Program Files (x86)\MiKTeX 2.9\tex\generic\oberdiek\ltxcmds.sty"
Package: ltxcmds 2011/11/09 v1.22 LaTeX kernel commands for general use (HO)
)
\Gread@gobject=\count87
))
\Gin@req@height=\dimen103
\Gin@req@width=\dimen104
)
("C:\Program Files (x86)\MiKTeX 2.9\tex\latex\graphics\color.sty"
Package: color 2014/10/28 v1.1a Standard LaTeX Color (DPC)

("C:\Program Files (x86)\MiKTeX 2.9\tex\latex\00miktex\color.cfg"
File: color.cfg 2007/01/18 v1.5 color configuration of teTeX/TeXLive
)
Package color Info: Driver file: pdftex.def on input line 142.
) (framed.sty
Package: framed 2011/10/22 v 0.96: framed or shaded text with page breaks
\OuterFrameSep=\skip43
\fb@frw=\dimen105
\fb@frh=\dimen106
\FrameRule=\dimen107
\FrameSep=\dimen108
) ("C:\Program Files (x86)\MiKTeX 2.9\tex\latex\base\alltt.sty"
Package: alltt 1997/06/16 v2.0g defines alltt environment
)
("C:\Program Files (x86)\MiKTeX 2.9\tex\latex\upquote\upquote.sty"
Package: upquote 2012/04/19 v1.3 upright-quote and grave-accent glyphs in verba
tim
)
(Guia_14.aux)
LaTeX Font Info:    Checking defaults for OML/cmm/m/it on input line 52.
LaTeX Font Info:    ... okay on input line 52.
LaTeX Font Info:    Checking defaults for T1/cmr/m/n on input line 52.
LaTeX Font Info:    ... okay on input line 52.
LaTeX Font Info:    Checking defaults for OT1/cmr/m/n on input line 52.
LaTeX Font Info:    ... okay on input line 52.
LaTeX Font Info:    Checking defaults for OMS/cmsy/m/n on input line 52.
LaTeX Font Info:    ... okay on input line 52.
LaTeX Font Info:    Checking defaults for OMX/cmex/m/n on input line 52.
LaTeX Font Info:    ... okay on input line 52.
LaTeX Font Info:    Checking defaults for U/cmr/m/n on input line 52.
LaTeX Font Info:    ... okay on input line 52.
 ("C:\Program Files (x86)\MiKTeX 2.9\tex\context\base\supp-pdf.mkii"
[Loading MPS to PDF converter (version 2006.09.02).]
\scratchcounter=\count88
\scratchdimen=\dimen109
\scratchbox=\box26
\nofMPsegments=\count89
\nofMParguments=\count90
\everyMPshowfont=\toks15
\MPscratchCnt=\count91
\MPscratchDim=\dimen110
\MPnumerator=\count92
\makeMPintoPDFobject=\count93
\everyMPtoPDFconversion=\toks16
)
Package color Info: Redefining color shadecolor on input line 55.
LaTeX Font Info:    Font shape `OT1/cmtt/bx/n' in size <10> not available
(Font)              Font shape `OT1/cmtt/m/n' tried instead on input line 59.
Missing character: There is no Î in font cmitt10!
Missing character: There is no » in font cmitt10!

Overfull \hbox (148.4957pt too wide) in paragraph at lines 119--119
[][]\OT1/cmtt/m/n/10 plot[][](x, y,[] []xlab[][]=[][]"x"[][],[] []ylab[][]=[][]
"Funcion de probalidad"[][],[] []main[][]=[][]"Distribucion de Poisson: lambda 
= 6"[][],[][] 
 []

<figure/unnamed-chunk-1-1.pdf, id=1, 505.89pt x 505.89pt>
File: figure/unnamed-chunk-1-1.pdf Graphic file (type pdf)

<use figure/unnamed-chunk-1-1.pdf>
Package pdftex.def Info: figure/unnamed-chunk-1-1.pdf used on input line 126.
(pdftex.def)             Requested size: 345.0pt x 345.00414pt.

Overfull \hbox (15.0pt too wide) in paragraph at lines 126--127
[][] 
 []

[1

{C:/Users/Roxy/AppData/Local/MiKTeX/2.9/pdftex/config/pdftex.map}]
Missing character: There is no Ã in font cmitt10!
Missing character: There is no º in font cmitt10!

Overfull \hbox (8.48305pt too wide) in paragraph at lines 133--133
[][]\OT1/cmtt/m/it/10 # se construye la distribucion de frecuencias del numero 
de premios[][] 
 []

Missing character: There is no ú in font cmtt10!

Overfull \hbox (11.99689pt too wide) in paragraph at lines 135--135
[][]\OT1/cmtt/m/n/10 rownames[][](Tabla)[] []<-[] []c[][]([][]"Ningn premio"[][
],[] []"Solamente uno"[][],[] []"Dos premios"[][])[][] 
 []

Missing character: There is no ú in font cmtt10!
Missing character: There is no ó in font cmitt10!

Overfull \hbox (699.74089pt too wide) in paragraph at lines 169--169
[][]\OT1/cmtt/m/n/10 rownames[][](Tabla)[] []<-[] []c[][]([][]"Venta en el prim
er intento"[][],[] []"Venta en el segundo intento"[][],[][]"Venta en el tercer 
intento"[][],[] []"Venta en el cuarto intento"[][],[] []"Venta en el quinto int
ento"[][],[] []"Venta en el sexto intento"[][])[][] 
 []

Missing character: There is no á in font cmitt10!
Missing character: There is no ú in font cmitt10!

Overfull \hbox (64.49643pt too wide) in paragraph at lines 201--201
[]\OT1/cmtt/m/n/10 ##   [1] 3 4 3 5 6 2 5 4 2 3 2 4 5 3 3 7 4 2 2 4 1 3 3 4 2 6
 3 2 5 2 5 4 3 4 3[] 
 []


Overfull \hbox (64.49643pt too wide) in paragraph at lines 201--201
[]\OT1/cmtt/m/n/10 ##  [36] 3 7 2 3 4 2 4 7 3 8 1 4 4 5 4 6 4 5 3 5 2 4 5 4 3 2
 3 1 2 2 4 6 1 2 7[] 
 []


Overfull \hbox (11.99689pt too wide) in paragraph at lines 201--201
[]\OT1/cmtt/m/n/10 ##  [71] 2 1 2 3 3 6 5 2 0 8 2 5 5 3 4 6 2 5 4 4 6 0 4 1 6 5
 3 1 1 4[] 
 []

Missing character: There is no ñ in font cmitt10!
Missing character: There is no ú in font cmtt10!
Missing character: There is no é in font cmtt10!

Overfull \hbox (90.7462pt too wide) in paragraph at lines 204--205
[][]\OT1/cmtt/m/n/10 hist[][](x,[] []main[][]=[][]"X ~ Binomial(n=15, p=0.25)"[
][],[] []xlab[][]=[][]"X = Nmero de xitos"[][],[] []ylab[][]=[][]"masa de[] 
 []

[2 <./figure/unnamed-chunk-1-1.pdf>]
<figure/unnamed-chunk-1-2.pdf, id=18, 505.89pt x 505.89pt>
File: figure/unnamed-chunk-1-2.pdf Graphic file (type pdf)

<use figure/unnamed-chunk-1-2.pdf>
Package pdftex.def Info: figure/unnamed-chunk-1-2.pdf used on input line 210.
(pdftex.def)             Requested size: 345.0pt x 345.00414pt.

Overfull \hbox (15.0pt too wide) in paragraph at lines 210--211
[][] 
 []

[3]
Missing character: There is no á in font cmitt10!
Missing character: There is no ú in font cmitt10!
Missing character: There is no ó in font cmitt10!

Overfull \hbox (59.24648pt too wide) in paragraph at lines 223--223
[]\OT1/cmtt/m/n/10 ##   [1]  3  5  6  8  6  7  4  8  7  3  9  4  4  5  8  5  3 
 6  7  4 12  5  6[] 
 []


Overfull \hbox (59.24648pt too wide) in paragraph at lines 223--223
[]\OT1/cmtt/m/n/10 ##  [24]  5  3  4  7  7  6  9  6  9  1 10 12  8  8  8  4  6 
 4  6  1  6  5  7[] 
 []


Overfull \hbox (59.24648pt too wide) in paragraph at lines 223--223
[]\OT1/cmtt/m/n/10 ##  [47]  8  8  5  7  5  3  8  5  5  8  6  5  5  4  7  4  4 
 7  6  2  8  9  8[] 
 []


Overfull \hbox (59.24648pt too wide) in paragraph at lines 223--223
[]\OT1/cmtt/m/n/10 ##  [70]  8  2  3 11  6  6  3  5  6  7  4  5  6  7 10  8  6 
 5  6  5  5  5  6[] 
 []

Missing character: There is no ñ in font cmitt10!
Missing character: There is no ú in font cmtt10!

Overfull \hbox (153.74565pt too wide) in paragraph at lines 226--227
[][]\OT1/cmtt/m/n/10 hist[][](x,[] []main[][]=[][]expression[][]([][]paste[][](
[][]"X ~ Poisson( "[][], lambda,[] []" = 6 )"[][])),[] []xlab[][]=[][]"X = Nmer
o de eventos a[] 
 []


Overfull \hbox (69.74638pt too wide) in paragraph at lines 227--227
[]\OT1/cmtt/m/n/10 una tasa constante"[][],[] []ylab[][]=[][]"masa de probabili
dad"[][],[] []probability[][]=[][]TRUE[][],[] []col[][]=[][]"blue"[][])[][] 
 []

<figure/unnamed-chunk-1-3.pdf, id=22, 505.89pt x 505.89pt>
File: figure/unnamed-chunk-1-3.pdf Graphic file (type pdf)

<use figure/unnamed-chunk-1-3.pdf>
Package pdftex.def Info: figure/unnamed-chunk-1-3.pdf used on input line 232.
(pdftex.def)             Requested size: 345.0pt x 345.00414pt.

Overfull \hbox (15.0pt too wide) in paragraph at lines 232--233
[][] 
 []

[4 <./figure/unnamed-chunk-1-2.pdf>] [5 <./figure/unnamed-chunk-1-3.pdf>]
(Guia_14.aux) ) 
Here is how much of TeX's memory you used:
 1257 strings out of 493673
 16852 string characters out of 3141533
 79415 words of memory out of 3000000
 4637 multiletter control sequences out of 15000+200000
 3976 words of font info for 16 fonts, out of 3000000 for 9000
 1025 hyphenation exceptions out of 8191
 27i,5n,19p,366b,244s stack positions out of 5000i,500n,10000p,200000b,50000s
<C:/Program Files (x86)/MiKTeX 2.9/fonts/type1/public/amsfonts/c
m/cmitt10.pfb><C:/Program Files (x86)/MiKTeX 2.9/fonts/type1/public/amsfonts/cm
/cmr10.pfb><C:/Program Files (x86)/MiKTeX 2.9/fonts/type1/public/amsfonts/cm/cm
tt10.pfb>
Output written on Guia_14.pdf (5 pages, 59249 bytes).
PDF statistics:
 51 PDF objects out of 1000 (max. 8388607)
 0 named destinations out of 1000 (max. 500000)
 16 words of extra memory for PDF output out of 10000 (max. 10000000)

