This is pdfTeX, Version 3.14159265-2.6-1.40.16 (MiKTeX 2.9) (preloaded format=pdflatex 2015.9.18)  26 NOV 2015 21:49
entering extended mode
**Guia_7.tex
(Guia_7.tex
LaTeX2e <2015/01/01> patch level 2
Babel <3.9m> and hyphenation patterns for 69 languages loaded.
("C:\Program Files (x86)\MiKTeX 2.9\tex\latex\base\article.cls"
Document Class: article 2014/09/29 v1.4h Standard LaTeX document class
("C:\Program Files (x86)\MiKTeX 2.9\tex\latex\base\size10.clo"
File: size10.clo 2014/09/29 v1.4h Standard LaTeX file (size option)
)
\c@part=\count79
\c@section=\count80
\c@subsection=\count81
\c@subsubsection=\count82
\c@paragraph=\count83
\c@subparagraph=\count84
\c@figure=\count85
\c@table=\count86
\abovecaptionskip=\skip41
\belowcaptionskip=\skip42
\bibindent=\dimen102
)
("C:\Program Files (x86)\MiKTeX 2.9\tex\latex\graphics\graphicx.sty"
Package: graphicx 2014/10/28 v1.0g Enhanced LaTeX Graphics (DPC,SPQR)

("C:\Program Files (x86)\MiKTeX 2.9\tex\latex\graphics\keyval.sty"
Package: keyval 2014/10/28 v1.15 key=value parser (DPC)
\KV@toks@=\toks14
)
("C:\Program Files (x86)\MiKTeX 2.9\tex\latex\graphics\graphics.sty"
Package: graphics 2014/10/28 v1.0p Standard LaTeX Graphics (DPC,SPQR)

("C:\Program Files (x86)\MiKTeX 2.9\tex\latex\graphics\trig.sty"
Package: trig 1999/03/16 v1.09 sin cos tan (DPC)
)
("C:\Program Files (x86)\MiKTeX 2.9\tex\latex\00miktex\graphics.cfg"
File: graphics.cfg 2007/01/18 v1.5 graphics configuration of teTeX/TeXLive
)
Package graphics Info: Driver file: pdftex.def on input line 94.

("C:\Program Files (x86)\MiKTeX 2.9\tex\latex\pdftex-def\pdftex.def"
File: pdftex.def 2011/05/27 v0.06d Graphics/color for pdfTeX

("C:\Program Files (x86)\MiKTeX 2.9\tex\generic\oberdiek\infwarerr.sty"
Package: infwarerr 2010/04/08 v1.3 Providing info/warning/error messages (HO)
)
("C:\Program Files (x86)\MiKTeX 2.9\tex\generic\oberdiek\ltxcmds.sty"
Package: ltxcmds 2011/11/09 v1.22 LaTeX kernel commands for general use (HO)
)
\Gread@gobject=\count87
))
\Gin@req@height=\dimen103
\Gin@req@width=\dimen104
)
("C:\Program Files (x86)\MiKTeX 2.9\tex\latex\graphics\color.sty"
Package: color 2014/10/28 v1.1a Standard LaTeX Color (DPC)

("C:\Program Files (x86)\MiKTeX 2.9\tex\latex\00miktex\color.cfg"
File: color.cfg 2007/01/18 v1.5 color configuration of teTeX/TeXLive
)
Package color Info: Driver file: pdftex.def on input line 142.
) (framed.sty
Package: framed 2011/10/22 v 0.96: framed or shaded text with page breaks
\OuterFrameSep=\skip43
\fb@frw=\dimen105
\fb@frh=\dimen106
\FrameRule=\dimen107
\FrameSep=\dimen108
) ("C:\Program Files (x86)\MiKTeX 2.9\tex\latex\base\alltt.sty"
Package: alltt 1997/06/16 v2.0g defines alltt environment
)
("C:\Program Files (x86)\MiKTeX 2.9\tex\latex\upquote\upquote.sty"
Package: upquote 2012/04/19 v1.3 upright-quote and grave-accent glyphs in verba
tim
) (Guia_7.aux)
LaTeX Font Info:    Checking defaults for OML/cmm/m/it on input line 52.
LaTeX Font Info:    ... okay on input line 52.
LaTeX Font Info:    Checking defaults for T1/cmr/m/n on input line 52.
LaTeX Font Info:    ... okay on input line 52.
LaTeX Font Info:    Checking defaults for OT1/cmr/m/n on input line 52.
LaTeX Font Info:    ... okay on input line 52.
LaTeX Font Info:    Checking defaults for OMS/cmsy/m/n on input line 52.
LaTeX Font Info:    ... okay on input line 52.
LaTeX Font Info:    Checking defaults for OMX/cmex/m/n on input line 52.
LaTeX Font Info:    ... okay on input line 52.
LaTeX Font Info:    Checking defaults for U/cmr/m/n on input line 52.
LaTeX Font Info:    ... okay on input line 52.
 ("C:\Program Files (x86)\MiKTeX 2.9\tex\context\base\supp-pdf.mkii"
[Loading MPS to PDF converter (version 2006.09.02).]
\scratchcounter=\count88
\scratchdimen=\dimen109
\scratchbox=\box26
\nofMPsegments=\count89
\nofMParguments=\count90
\everyMPshowfont=\toks15
\MPscratchCnt=\count91
\MPscratchDim=\dimen110
\MPnumerator=\count92
\makeMPintoPDFobject=\count93
\everyMPtoPDFconversion=\toks16
)
Package color Info: Redefining color shadecolor on input line 55.
LaTeX Font Info:    Font shape `OT1/cmtt/bx/n' in size <10> not available
(Font)              Font shape `OT1/cmtt/m/n' tried instead on input line 59.
Missing character: There is no Ñ in font cmtt10!

Overfull \hbox (38.24666pt too wide) in paragraph at lines 63--63
[]\OT1/cmtt/m/n/10 ## [1] "C:/Users/Roxy/Documents/ROXANA BEATRIZ RONQUILLO UMA
A/Guias de R"[] 
 []


Overfull \hbox (185.24538pt too wide) in paragraph at lines 66--66
[][]\OT1/cmtt/m/n/10 Hijos[] []<-[] []c[][]([][]2[][],[] []1[][],[] []2[][],[] 
[]1[][],[] []4[][],[] []2[][],[] []3[][],[] []0[][],[] []2[][],[] []3[][],[] []
3[][],[] []2[][],[] []1[][],[] []0[][],[] []2[][],[] []4[][],[] []1[][],[] []2[
][],[] []1[][],[] []3[][],[] []4[][],[] []1[][],[] []2[][],[] []3[][],[] []1[][
],[] []5[][],[] []2[][],[] []3[][],[] []1[][],[] []2[] [])[][] 
 []


Overfull \hbox (6.74693pt too wide) in paragraph at lines 72--72
[]\OT1/cmtt/m/n/10 ##  [1] 2 1 2 1 4 2 3 0 2 3 3 2 1 0 2 4 1 2 1 3 4 1 2 3 1 5 
2 3 1 2[] 
 []


Overfull \hbox (38.24666pt too wide) in paragraph at lines 93--93
[][]\OT1/cmtt/m/n/10 X[] []<-[] []scan[][]([][]"Hijos.txt"[][],[] []what[] []=[
] []integer[][]([][]0[][]),[] []na.strings[] []=[] []"NA"[][],[] []flush[][]=[]
[]FALSE[][])[][] 
 []

LaTeX Font Info:    Try loading font information for OMS+cmtt on input line 100
.
(C:/PROGRA~1/R/R-32~1.1/share/texmf/tex/latex\omscmtt.fd
File: omscmtt.fd 
)
LaTeX Font Info:    Font shape `OMS/cmtt/m/n' in size <10> not available
(Font)              Font shape `OMS/cmsy/m/n' tried instead on input line 100.

Overfull \hbox (263.74475pt too wide) in paragraph at lines 100--100
[][]\OT1/cmtt/m/n/10 stripchart[][](X,[] []method[][]=[][]"stack"[][],[] []vert
ical[][]=[][]FALSE[][],[] []col[][]=[][]"blue"[][],[] []pch[][]=[][]1[][],[] []
main[][]=[][]"Grafico de\OMS/cmsy/m/n/10 n\OT1/cmtt/m/n/10 n puntos"[][],[] []x
lab[][]=[][]"Numero de hijos"[][])[][] 
 []

<figure/unnamed-chunk-1-1.pdf, id=1, 505.89pt x 505.89pt>
File: figure/unnamed-chunk-1-1.pdf Graphic file (type pdf)

<use figure/unnamed-chunk-1-1.pdf>
Package pdftex.def Info: figure/unnamed-chunk-1-1.pdf used on input line 103.
(pdftex.def)             Requested size: 345.0pt x 345.00414pt.

Overfull \hbox (15.0pt too wide) in paragraph at lines 103--104
[][] 
 []

[1

{C:/Users/Roxy/AppData/Local/MiKTeX/2.9/pdftex/config/pdftex.map}]
Overfull \hbox (11.99689pt too wide) in paragraph at lines 119--119
[]\OT1/cmtt/m/n/10 ##          0          1          2          3          4   
       5[] 
 []


Overfull \hbox (11.99689pt too wide) in paragraph at lines 119--119
[]\OT1/cmtt/m/n/10 ## 0.06666667 0.26666667 0.33333333 0.20000000 0.10000000 0.
03333333[] 
 []


Overfull \hbox (11.99689pt too wide) in paragraph at lines 133--133
[]\OT1/cmtt/m/n/10 ##          0          1          2          3          4   
       5[] 
 []


Overfull \hbox (11.99689pt too wide) in paragraph at lines 133--133
[]\OT1/cmtt/m/n/10 ## 0.06666667 0.33333333 0.66666667 0.86666667 0.96666667 1.
00000000[] 
 []


Overfull \hbox (122.24593pt too wide) in paragraph at lines 150--150
[][]\OT1/cmtt/m/n/10 tfre[] []<-[] []data.frame[][]([][]X[][]=tabla[][]$[][]X,[
] []fab[][]=tabla[][]$[][]fab,[] []fre[][]=tabla[][]$[][]fre,[] []Fac[][]=tabla
[][]$[][]Fac,[] []Far[][]=tabla[][]$[][]Far)[][] 
 []


Overfull \hbox (60.98259pt too wide) in paragraph at lines 170--170
[][]\OT1/cmtt/m/n/10 moda[] []<-[] []names[][](fab[i]); moda[] []\OT1/cmtt/m/it
/10 # R no tiene incorporada una funcion para la moda[][] 
 []


Overfull \hbox (127.24594pt too wide) in paragraph at lines 227--227
[][]\OT1/cmtt/m/n/10 barplot[][](tfre[[[][]2[][]]],[] []main[][]=[][]"Grafico d
e barras"[][],[] []xlab[][]=[][]"X = Numero Hijos\OMS/cmsy/m/n/10 n\OT1/cmtt/m/
n/10 n"[][],[] []ylab[][]=[][]"frecuencia"[][],[][] 
 []


Overfull \hbox (101.24611pt too wide) in paragraph at lines 228--228
[]        []\OT1/cmtt/m/n/10 col[][]=[][]c[][]([][]"yellow"[][],[] []"blue"[][]
,[] []"white"[][],[] []"orange"[][],[] []"cyan"[][],[] []"red"[][]),[] []sub[][
]=[][]"Agosto-2012"[][])[][] 
 []

[2 <./figure/unnamed-chunk-1-1.pdf>] [3]
<figure/unnamed-chunk-1-2.pdf, id=22, 505.89pt x 505.89pt>
File: figure/unnamed-chunk-1-2.pdf Graphic file (type pdf)

<use figure/unnamed-chunk-1-2.pdf>
Package pdftex.def Info: figure/unnamed-chunk-1-2.pdf used on input line 231.
(pdftex.def)             Requested size: 345.0pt x 345.00414pt.

Overfull \hbox (15.0pt too wide) in paragraph at lines 231--232
[][] 
 []

[4]
Overfull \hbox (116.74603pt too wide) in paragraph at lines 233--233
[][]\OT1/cmtt/m/n/10 pie[][](tfre[[[][]2[][]]],[] []main[][]=[][]"Grafico de pa
stel"[][],[] []xlab[][]=[][]"Numero Hijos \OMS/cmsy/m/n/10 n\OT1/cmtt/m/n/10 n"
[][],[] []col[][]=[][]c[][]([][]"yellow"[][],[] []"blue"[][],[][] 
 []


Overfull \hbox (305.99432pt too wide) in paragraph at lines 234--234
[]                                                                       []\OT1
/cmtt/m/n/10 "white"[][],[] []"orange"[][],[] []"cyan"[][],[] []"red"[][]),[] [
]sub[][]=[][]"Agosto-2012"[][])[][] 
 []

<figure/unnamed-chunk-1-3.pdf, id=26, 505.89pt x 505.89pt>
File: figure/unnamed-chunk-1-3.pdf Graphic file (type pdf)

<use figure/unnamed-chunk-1-3.pdf>
Package pdftex.def Info: figure/unnamed-chunk-1-3.pdf used on input line 237.
(pdftex.def)             Requested size: 345.0pt x 345.00414pt.

Overfull \hbox (15.0pt too wide) in paragraph at lines 237--238
[][] 
 []

[5 <./figure/unnamed-chunk-1-2.pdf>]
Missing character: There is no Ã in font cmtt10!
Missing character: There is no ¡ in font cmtt10!
Missing character: There is no Ã in font cmtt10!
Missing character: There is no º in font cmtt10!

Overfull \hbox (90.49626pt too wide) in paragraph at lines 240--240
[][]\OT1/cmtt/m/n/10 pie[][](fab,[] []main[][]=[][]"Grfico de pastel"[][],[] []
xlab[][]=[][]"X = Nmero Hijos\OMS/cmsy/m/n/10 n\OT1/cmtt/m/n/10 n"[][],[] []col
[][]=[][]c[][]([][]"yellow"[][],[] []"blue"[][],[][] 
 []


Overfull \hbox (300.74437pt too wide) in paragraph at lines 241--241
[]                                                                      []\OT1/
cmtt/m/n/10 "white"[][],[] []"orange"[][],[] []"cyan"[][],[] []"red"[][]),[] []
sub[][]=[][]"Agosto-2012"[][])[][] 
 []

<figure/unnamed-chunk-1-4.pdf, id=36, 505.89pt x 505.89pt>
File: figure/unnamed-chunk-1-4.pdf Graphic file (type pdf)

<use figure/unnamed-chunk-1-4.pdf>
Package pdftex.def Info: figure/unnamed-chunk-1-4.pdf used on input line 244.
(pdftex.def)             Requested size: 345.0pt x 345.00414pt.

Overfull \hbox (15.0pt too wide) in paragraph at lines 244--245
[][] 
 []

[6 <./figure/unnamed-chunk-1-3.pdf>]
<figure/unnamed-chunk-1-5.pdf, id=46, 505.89pt x 505.89pt>
File: figure/unnamed-chunk-1-5.pdf Graphic file (type pdf)

<use figure/unnamed-chunk-1-5.pdf>
Package pdftex.def Info: figure/unnamed-chunk-1-5.pdf used on input line 249.
(pdftex.def)             Requested size: 345.0pt x 345.00414pt.

Overfull \hbox (15.0pt too wide) in paragraph at lines 249--250
[][] 
 []

[7 <./figure/unnamed-chunk-1-4.pdf>]
Missing character: There is no Ã in font cmtt10!
Missing character: There is no º in font cmtt10!

Overfull \hbox (258.4948pt too wide) in paragraph at lines 251--251
[][]\OT1/cmtt/m/n/10 boxplot[][](X,[] []main[][]=[][]"Grafico de caja"[][],[] [
]xlab[][]=[][]" Nmero de hijos\OMS/cmsy/m/n/10 n\OT1/cmtt/m/n/10 n"[][],[] []pl
ot[][]=[][]TRUE[][],[] []border[][]=[][]"red"[][],[][]col[][]=[][]"yellow"[][],
[] []horizontal[][]=[][]TRUE[][])[][] 
 []

<figure/unnamed-chunk-1-6.pdf, id=57, 505.89pt x 505.89pt>
File: figure/unnamed-chunk-1-6.pdf Graphic file (type pdf)

<use figure/unnamed-chunk-1-6.pdf>
Package pdftex.def Info: figure/unnamed-chunk-1-6.pdf used on input line 254.
(pdftex.def)             Requested size: 345.0pt x 345.00414pt.

Overfull \hbox (15.0pt too wide) in paragraph at lines 254--255
[][] 
 []

[8 <./figure/unnamed-chunk-1-5.pdf>] [9 <./figure/unnamed-chunk-1-6.pdf>]
(Guia_7.aux) ) 
Here is how much of TeX's memory you used:
 1290 strings out of 493673
 17652 string characters out of 3141533
 83415 words of memory out of 3000000
 4663 multiletter control sequences out of 15000+200000
 3976 words of font info for 16 fonts, out of 3000000 for 9000
 1025 hyphenation exceptions out of 8191
 27i,5n,19p,643b,284s stack positions out of 5000i,500n,10000p,200000b,50000s
<C:/Program Files (x86)/MiKTeX 2.9/fonts/type1/public/amsfonts/cm
/cmitt10.pfb><C:/Program Files (x86)/MiKTeX 2.9/fonts/type1/public/amsfonts/cm/
cmr10.pfb><C:/Program Files (x86)/MiKTeX 2.9/fonts/type1/public/amsfonts/cm/cms
y10.pfb><C:/Program Files (x86)/MiKTeX 2.9/fonts/type1/public/amsfonts/cm/cmtt1
0.pfb>
Output written on Guia_7.pdf (9 pages, 82886 bytes).
PDF statistics:
 90 PDF objects out of 1000 (max. 8388607)
 0 named destinations out of 1000 (max. 500000)
 31 words of extra memory for PDF output out of 10000 (max. 10000000)

