This is pdfTeX, Version 3.14159265-2.6-1.40.16 (MiKTeX 2.9) (preloaded format=pdflatex 2015.9.18)  26 NOV 2015 21:25
entering extended mode
**Guia_10.tex
(Guia_10.tex
LaTeX2e <2015/01/01> patch level 2
Babel <3.9m> and hyphenation patterns for 69 languages loaded.
("C:\Program Files (x86)\MiKTeX 2.9\tex\latex\base\article.cls"
Document Class: article 2014/09/29 v1.4h Standard LaTeX document class
("C:\Program Files (x86)\MiKTeX 2.9\tex\latex\base\size10.clo"
File: size10.clo 2014/09/29 v1.4h Standard LaTeX file (size option)
)
\c@part=\count79
\c@section=\count80
\c@subsection=\count81
\c@subsubsection=\count82
\c@paragraph=\count83
\c@subparagraph=\count84
\c@figure=\count85
\c@table=\count86
\abovecaptionskip=\skip41
\belowcaptionskip=\skip42
\bibindent=\dimen102
)
("C:\Program Files (x86)\MiKTeX 2.9\tex\latex\graphics\graphicx.sty"
Package: graphicx 2014/10/28 v1.0g Enhanced LaTeX Graphics (DPC,SPQR)

("C:\Program Files (x86)\MiKTeX 2.9\tex\latex\graphics\keyval.sty"
Package: keyval 2014/10/28 v1.15 key=value parser (DPC)
\KV@toks@=\toks14
)
("C:\Program Files (x86)\MiKTeX 2.9\tex\latex\graphics\graphics.sty"
Package: graphics 2014/10/28 v1.0p Standard LaTeX Graphics (DPC,SPQR)

("C:\Program Files (x86)\MiKTeX 2.9\tex\latex\graphics\trig.sty"
Package: trig 1999/03/16 v1.09 sin cos tan (DPC)
)
("C:\Program Files (x86)\MiKTeX 2.9\tex\latex\00miktex\graphics.cfg"
File: graphics.cfg 2007/01/18 v1.5 graphics configuration of teTeX/TeXLive
)
Package graphics Info: Driver file: pdftex.def on input line 94.

("C:\Program Files (x86)\MiKTeX 2.9\tex\latex\pdftex-def\pdftex.def"
File: pdftex.def 2011/05/27 v0.06d Graphics/color for pdfTeX

("C:\Program Files (x86)\MiKTeX 2.9\tex\generic\oberdiek\infwarerr.sty"
Package: infwarerr 2010/04/08 v1.3 Providing info/warning/error messages (HO)
)
("C:\Program Files (x86)\MiKTeX 2.9\tex\generic\oberdiek\ltxcmds.sty"
Package: ltxcmds 2011/11/09 v1.22 LaTeX kernel commands for general use (HO)
)
\Gread@gobject=\count87
))
\Gin@req@height=\dimen103
\Gin@req@width=\dimen104
)
("C:\Program Files (x86)\MiKTeX 2.9\tex\latex\graphics\color.sty"
Package: color 2014/10/28 v1.1a Standard LaTeX Color (DPC)

("C:\Program Files (x86)\MiKTeX 2.9\tex\latex\00miktex\color.cfg"
File: color.cfg 2007/01/18 v1.5 color configuration of teTeX/TeXLive
)
Package color Info: Driver file: pdftex.def on input line 142.
) (framed.sty
Package: framed 2011/10/22 v 0.96: framed or shaded text with page breaks
\OuterFrameSep=\skip43
\fb@frw=\dimen105
\fb@frh=\dimen106
\FrameRule=\dimen107
\FrameSep=\dimen108
) ("C:\Program Files (x86)\MiKTeX 2.9\tex\latex\base\alltt.sty"
Package: alltt 1997/06/16 v2.0g defines alltt environment
)
("C:\Program Files (x86)\MiKTeX 2.9\tex\latex\upquote\upquote.sty"
Package: upquote 2012/04/19 v1.3 upright-quote and grave-accent glyphs in verba
tim
)
(Guia_10.aux)
LaTeX Font Info:    Checking defaults for OML/cmm/m/it on input line 52.
LaTeX Font Info:    ... okay on input line 52.
LaTeX Font Info:    Checking defaults for T1/cmr/m/n on input line 52.
LaTeX Font Info:    ... okay on input line 52.
LaTeX Font Info:    Checking defaults for OT1/cmr/m/n on input line 52.
LaTeX Font Info:    ... okay on input line 52.
LaTeX Font Info:    Checking defaults for OMS/cmsy/m/n on input line 52.
LaTeX Font Info:    ... okay on input line 52.
LaTeX Font Info:    Checking defaults for OMX/cmex/m/n on input line 52.
LaTeX Font Info:    ... okay on input line 52.
LaTeX Font Info:    Checking defaults for U/cmr/m/n on input line 52.
LaTeX Font Info:    ... okay on input line 52.
 ("C:\Program Files (x86)\MiKTeX 2.9\tex\context\base\supp-pdf.mkii"
[Loading MPS to PDF converter (version 2006.09.02).]
\scratchcounter=\count88
\scratchdimen=\dimen109
\scratchbox=\box26
\nofMPsegments=\count89
\nofMParguments=\count90
\everyMPshowfont=\toks15
\MPscratchCnt=\count91
\MPscratchDim=\dimen110
\MPnumerator=\count92
\makeMPintoPDFobject=\count93
\everyMPtoPDFconversion=\toks16
)
Package color Info: Redefining color shadecolor on input line 55.
LaTeX Font Info:    Font shape `OT1/cmtt/bx/n' in size <10> not available
(Font)              Font shape `OT1/cmtt/m/n' tried instead on input line 59.

Overfull \hbox (11.99689pt too wide) in paragraph at lines 77--77
[][]\OT1/cmtt/m/n/10 Baterias[] []<-[] []data.frame[][]([][]procesoA[][]=A,[] [
]procesoB[][]=B,[] []procesoC[][]=C); Baterias[][] 
 []


Overfull \hbox (185.24538pt too wide) in paragraph at lines 89--89
[][]\OT1/cmtt/m/n/10 write.table[][](Baterias,[] []file[][]=[][]"Baterias.txt"[
][],[] []append[][]=[][]FALSE[][],[] []quote[][]=[][]TRUE[][],[] []sep[][]=[][]
" "[][],[] []na[][]=[][]"NA"[][],[][]col.names[][]=[][]TRUE[][])[][] 
 []


Overfull \hbox (6.74693pt too wide) in paragraph at lines 116--116
[]\OT1/cmtt/m/n/10 ##  [4] "package:stats"     "package:graphics"  "package:grD
evices"[] 
 []

Missing character: There is no á in font cmtt10!

Overfull \hbox (164.24556pt too wide) in paragraph at lines 118--118
[][]\OT1/cmtt/m/n/10 stripchart[][](Baterias,[] []main[][]=[][]"Grfico de punto
s para los tres procesos"[][],[] []method[] []=[] []"stack"[][],[] []vertical[]
 []=[][] 
 []

Missing character: There is no ó in font cmtt10!

Overfull \hbox (6.74693pt too wide) in paragraph at lines 119--119
[][]\OT1/cmtt/m/n/10 FALSE[][],[] []col[][]=[][]"blue"[][],[] []pch[][]=[][]1[]
[],[] []xlab[][]=[][]"Duracin (semanas)"[][],[] []ylab[][]=[][]"Proceso"[][])[]
[] 
 []

<figure/unnamed-chunk-1-1.pdf, id=1, 505.89pt x 505.89pt>
File: figure/unnamed-chunk-1-1.pdf Graphic file (type pdf)

<use figure/unnamed-chunk-1-1.pdf>
Package pdftex.def Info: figure/unnamed-chunk-1-1.pdf used on input line 122.
(pdftex.def)             Requested size: 345.0pt x 345.00414pt.

Overfull \hbox (15.0pt too wide) in paragraph at lines 122--123
[][] 
 []

[1

{C:/Users/Roxy/AppData/Local/MiKTeX/2.9/pdftex/config/pdftex.map}]
Overfull \hbox (85.49625pt too wide) in paragraph at lines 137--137
[][]\OT1/cmtt/m/n/10 boxplot[][](Baterias,[] []width[][]=[][]NULL[][],[] []varw
idth[][]=[][]TRUE[][], names,[] []add[][]=[] []FALSE[][],[] []horizontal[] []=[
] []TRUE[][],[][] 
 []

Missing character: There is no á in font cmtt10!

Overfull \hbox (132.74583pt too wide) in paragraph at lines 138--138
[][]\OT1/cmtt/m/n/10 main[][]=[][]"Grfico de caja por proceso"[][],[] []border[
][]=[][]par[][]([][]"fg"[][]),[] []col[][]=[][]c[][]([][]"yellow"[][],[] []"cya
n"[][],[] []"red"[][]),[] []xlab[] []=[][] 
 []

Missing character: There is no ó in font cmtt10!
<figure/unnamed-chunk-1-2.pdf, id=9, 505.89pt x 505.89pt>
File: figure/unnamed-chunk-1-2.pdf Graphic file (type pdf)

<use figure/unnamed-chunk-1-2.pdf>
Package pdftex.def Info: figure/unnamed-chunk-1-2.pdf used on input line 142.
(pdftex.def)             Requested size: 345.0pt x 345.00414pt.

Overfull \hbox (15.0pt too wide) in paragraph at lines 142--143
[][] 
 []

[2 <./figure/unnamed-chunk-1-1.pdf>]
Overfull \hbox (90.7462pt too wide) in paragraph at lines 145--145
[][]\OT1/cmtt/m/n/10 boxplot[][](Baterias,[] []width[][]=[][]NULL[][],[] []varw
idth[][]=[][]TRUE[][], names,[] []add[][]=[] []FALSE[][],[] []horizontal[] []=[
] []FALSE[][],[][] 
 []

Missing character: There is no á in font cmtt10!

Overfull \hbox (132.74583pt too wide) in paragraph at lines 146--146
[][]\OT1/cmtt/m/n/10 main[][]=[][]"Grfico de caja por proceso"[][],[] []border[
][]=[][]par[][]([][]"fg"[][]),[] []col[][]=[][]c[][]([][]"yellow"[][],[] []"cya
n"[][],[] []"red"[][]),[] []xlab[] []=[][] 
 []

Missing character: There is no ó in font cmtt10!
<figure/unnamed-chunk-1-3.pdf, id=19, 505.89pt x 505.89pt>
File: figure/unnamed-chunk-1-3.pdf Graphic file (type pdf)

<use figure/unnamed-chunk-1-3.pdf>
Package pdftex.def Info: figure/unnamed-chunk-1-3.pdf used on input line 150.
(pdftex.def)             Requested size: 345.0pt x 345.00414pt.

Overfull \hbox (15.0pt too wide) in paragraph at lines 150--151
[][] 
 []

[3 <./figure/unnamed-chunk-1-2.pdf>]
Missing character: There is no ó in font cmitt10!
Missing character: There is no á in font cmitt10!

Overfull \hbox (95.99615pt too wide) in paragraph at lines 230--230
[][]\OT1/cmtt/m/n/10 write.table[][](Estudia,[] []file[][]=[][]"Estudia.txt"[][
],[] []append[][]=[][]FALSE[][],[] []quote[][]=[][]TRUE[][],[] []sep[][]=[][]" 
"[][],[] []na[][]=[][]"NA"[][],[][] 
 []


Overfull \hbox (6.74693pt too wide) in paragraph at lines 364--364
[]\OT1/cmtt/m/n/10 ## function (x, file = "", append = FALSE, quote = TRUE, sep
 = " ",[] 
 []


Overfull \hbox (53.99652pt too wide) in paragraph at lines 364--364
[]\OT1/cmtt/m/n/10 ##     eol = "\n", na = "NA", dec = ".", row.names = TRUE, c
ol.names = TRUE,[] 
 []


Overfull \hbox (22.4968pt too wide) in paragraph at lines 364--364
[]\OT1/cmtt/m/n/10 ##     if (is.logical(quote) && (length(quote) != 1L || is.n
a(quote)))[] 
 []


Overfull \hbox (32.9967pt too wide) in paragraph at lines 364--364
[]\OT1/cmtt/m/n/10 ##                 which(unlist(lapply(x, function(x) is.cha
racter(x) ||[] 
 []


Overfull \hbox (101.24611pt too wide) in paragraph at lines 364--364
[]\OT1/cmtt/m/n/10 ##         else d <- list(if (makeRownames) row.names(x), if
 (makeColnames) names(x))[] 
 []


Overfull \hbox (69.74638pt too wide) in paragraph at lines 364--364
[]\OT1/cmtt/m/n/10 ##             stop("col.names = NA makes no sense when r
ow.names = FALSE")[] 
 []


Overfull \hbox (53.99652pt too wide) in paragraph at lines 364--364
[]\OT1/cmtt/m/n/10 ##             file(file, ifelse(append, "a", "w"), encoding
 = fileEncoding)[] 
 []


Overfull \hbox (1.49698pt too wide) in paragraph at lines 364--364
[]\OT1/cmtt/m/n/10 ##         stop("file must be a character string or connec
tion")[] 
 []


Overfull \hbox (17.24684pt too wide) in paragraph at lines 364--364
[]\OT1/cmtt/m/n/10 ##     qstring <- switch(qmethod, escape = "\\\\\"", double 
= "\"\"")[] 
 []


Overfull \hbox (27.74675pt too wide) in paragraph at lines 364--364
[]\OT1/cmtt/m/n/10 ##             col.names <- paste("\"", gsub("\"", qstring, 
col.names),[] 
 []


Overfull \hbox (32.9967pt too wide) in paragraph at lines 364--364
[]\OT1/cmtt/m/n/10 ##         writeLines(paste(col.names, collapse = sep), file
, sep = eol)[] 
 []


Overfull \hbox (11.99689pt too wide) in paragraph at lines 364--364
[]\OT1/cmtt/m/n/10 ##         return(cat(rep.int(eol, NROW(x)), file = file, se
p = ""))[] 
 []


Overfull \hbox (22.4968pt too wide) in paragraph at lines 364--364
[]\OT1/cmtt/m/n/10 ##     invisible(.External2(C_writetable, x, file, nrow(x), 
p, rnames,[] 
 []


Overfull \hbox (22.4968pt too wide) in paragraph at lines 364--364
[]\OT1/cmtt/m/n/10 ##         sep, eol, na, dec, as.integer(quote), qmethod != 
"double"))[] 
 []

Missing character: There is no ó in font cmitt10!
Missing character: There is no á in font cmtt10!

Overfull \hbox (731.24062pt too wide) in paragraph at lines 436--436
[][]\OT1/cmtt/m/n/10 barplot[][]([][]table[][](Estudia[][]$[][]Cantidad, Estudi
a[][]$[][]Fuma),[] []beside[] []=[] []FALSE[][],[] []horizontal[][]=[][]FALSE[]
[],[] []main[][]=[][]"Grfico de barras (Fuma, Cantidad de horas de estudio)"[][
],[] []legend.text[] []=T,[] []xlab[][]=[][]"Fuma"[][],[] []ylab[][]=[][]"Canti
dad de horas-estudio"[][])[][] 
 []


Overfull \hbox (11.99689pt too wide) in paragraph at lines 440--441
[]\OT1/cmtt/m/n/10 ## Warning in plot.window(xlim, ylim, log = log, ...): "hori
zontal"
 []


Overfull \hbox (22.4968pt too wide) in paragraph at lines 442--443
[]\OT1/cmtt/m/n/10 ## Warning in axis(if (horiz) 2 else 1, at = at.l, labels = 
names.arg,
 []


Overfull \hbox (17.24684pt too wide) in paragraph at lines 444--445
[]\OT1/cmtt/m/n/10 ## Warning in title(main = main, sub = sub, xlab = xlab, yla
b = ylab,
 []


Overfull \hbox (1.49698pt too wide) in paragraph at lines 446--446
[]\OT1/cmtt/m/n/10 ## Warning in axis(if (horiz) 1 else 2, cex.axis = cex.axis,
 ...):
 []

[4 <./figure/unnamed-chunk-1-3.pdf>] [5]
Overfull \vbox (0.77774pt too high) detected at line 446
 []

[6]
Underfull \vbox (badness 10000) detected at line 446
 []


Underfull \vbox (badness 10000) detected at line 446
 []

[7] [8] [9] <figure/unnamed-chunk-1-4.pdf, id=54, 505.89pt x 505.89pt>
File: figure/unnamed-chunk-1-4.pdf Graphic file (type pdf)

<use figure/unnamed-chunk-1-4.pdf>
Package pdftex.def Info: figure/unnamed-chunk-1-4.pdf used on input line 447.
(pdftex.def)             Requested size: 345.0pt x 345.00414pt.

Overfull \hbox (15.0pt too wide) in paragraph at lines 447--448
[][] 
 []

[10 <./figure/unnamed-chunk-1-4.pdf>]
Missing character: There is no á in font cmtt10!

Overfull \hbox (137.99579pt too wide) in paragraph at lines 449--450
[][]\OT1/cmtt/m/n/10 barplot[][]([][]table[][](Estudia[][]$[][]Fuma, Estudia[][
]$[][]Cantidad),[] []beside[] []=[] []FALSE[][],[] []horizontal[][]=[][]FALSE[]
[],[][]main[][]=[][]"Grfico[] 
 []


Overfull \hbox (164.24556pt too wide) in paragraph at lines 450--450
[]\OT1/cmtt/m/n/10 de barras (Cantidad de horas de estudio,Fuma)"[][],[] []lege
nd.text[] []=T,[] []xlab[][]=[][]"Cantidad de horas-estudio"[][],[][] 
 []


Overfull \hbox (11.99689pt too wide) in paragraph at lines 455--456
[]\OT1/cmtt/m/n/10 ## Warning in plot.window(xlim, ylim, log = log, ...): "hori
zontal"
 []


Overfull \hbox (22.4968pt too wide) in paragraph at lines 457--458
[]\OT1/cmtt/m/n/10 ## Warning in axis(if (horiz) 2 else 1, at = at.l, labels = 
names.arg,
 []


Overfull \hbox (17.24684pt too wide) in paragraph at lines 459--460
[]\OT1/cmtt/m/n/10 ## Warning in title(main = main, sub = sub, xlab = xlab, yla
b = ylab,
 []


Overfull \hbox (1.49698pt too wide) in paragraph at lines 461--461
[]\OT1/cmtt/m/n/10 ## Warning in axis(if (horiz) 1 else 2, cex.axis = cex.axis,
 ...):
 []

<figure/unnamed-chunk-1-5.pdf, id=64, 505.89pt x 505.89pt>
File: figure/unnamed-chunk-1-5.pdf Graphic file (type pdf)

<use figure/unnamed-chunk-1-5.pdf>
Package pdftex.def Info: figure/unnamed-chunk-1-5.pdf used on input line 462.
(pdftex.def)             Requested size: 345.0pt x 345.00414pt.

Overfull \hbox (15.0pt too wide) in paragraph at lines 462--463
[][] 
 []

Missing character: There is no á in font cmtt10!

Overfull \hbox (148.4957pt too wide) in paragraph at lines 471--472
[][]\OT1/cmtt/m/n/10 barplot[][]([][]table[][](Estudia[][]$[][]Cantidad, Estudi
a[][]$[][]Fuma),[] []main[][]=[][]"Grfico de barras (Fuma, Cantidad de horas[] 

 []


Overfull \hbox (116.99597pt too wide) in paragraph at lines 472--472
[]\OT1/cmtt/m/n/10 de estudio)"[][],[] []xlab[][]=[][]"Fuma"[][],[] []ylab[][]=
[][]"Cantidad de horas-estudio"[][],[] []beside[][]=[][]TRUE[][],[] []legend.te
xt[][]=T)[][] 
 []

[11 <./figure/unnamed-chunk-1-5.pdf>]
<figure/unnamed-chunk-1-6.pdf, id=74, 505.89pt x 505.89pt>
File: figure/unnamed-chunk-1-6.pdf Graphic file (type pdf)

<use figure/unnamed-chunk-1-6.pdf>
Package pdftex.def Info: figure/unnamed-chunk-1-6.pdf used on input line 475.
(pdftex.def)             Requested size: 345.0pt x 345.00414pt.

Overfull \hbox (15.0pt too wide) in paragraph at lines 475--476
[][] 
 []

Missing character: There is no á in font cmtt10!

Overfull \hbox (148.4957pt too wide) in paragraph at lines 477--478
[][]\OT1/cmtt/m/n/10 barplot[][]([][]table[][](Estudia[][]$[][]Cantidad, Estudi
a[][]$[][]Fuma),[] []main[][]=[][]"Grfico de barras (Fuma, Cantidad de horas[] 

 []


Overfull \hbox (148.4957pt too wide) in paragraph at lines 478--479
[]\OT1/cmtt/m/n/10 de estudio)"[][],[] []xlab[][]=[][]"Fuma"[][],[] []ylab[][]=
[][]"Cantidad de horas-estudio"[][],[] []beside[][]=[][]TRUE[][],[] []legend.te
xt[][]=[][]c[][]([][]"menor[] 
 []

<figure/unnamed-chunk-1-7.pdf, id=75, 505.89pt x 505.89pt>
File: figure/unnamed-chunk-1-7.pdf Graphic file (type pdf)

<use figure/unnamed-chunk-1-7.pdf>
Package pdftex.def Info: figure/unnamed-chunk-1-7.pdf used on input line 482.
(pdftex.def)             Requested size: 345.0pt x 345.00414pt.

Overfull \hbox (15.0pt too wide) in paragraph at lines 482--483
[][] 
 []

[12 <./figure/unnamed-chunk-1-6.pdf>]
Overfull \hbox (6.74693pt too wide) in paragraph at lines 488--488
[]\OT1/cmtt/m/n/10 ## Warning in chisq.test(tablaCont): Chi-squared approximati
on may
 []

[13 <./figure/unnamed-chunk-1-7.pdf>] (Guia_10.aux) ) 
Here is how much of TeX's memory you used:
 1277 strings out of 493673
 17460 string characters out of 3141533
 111781 words of memory out of 3000000
 4653 multiletter control sequences out of 15000+200000
 3976 words of font info for 16 fonts, out of 3000000 for 9000
 1025 hyphenation exceptions out of 8191
 27i,5n,25p,477b,244s stack positions out of 5000i,500n,10000p,200000b,50000s
<C:/Program Files (x86)/Mi
KTeX 2.9/fonts/type1/public/amsfonts/cm/cmitt10.pfb><C:/Program Files (x86)/MiK
TeX 2.9/fonts/type1/public/amsfonts/cm/cmr10.pfb><C:/Program Files (x86)/MiKTeX
 2.9/fonts/type1/public/amsfonts/cm/cmtt10.pfb>
Output written on Guia_10.pdf (13 pages, 88229 bytes).
PDF statistics:
 106 PDF objects out of 1000 (max. 8388607)
 0 named destinations out of 1000 (max. 500000)
 36 words of extra memory for PDF output out of 10000 (max. 10000000)

