This is pdfTeX, Version 3.14159265-2.6-1.40.16 (MiKTeX 2.9) (preloaded format=pdflatex 2015.9.18)  27 NOV 2015 01:27
entering extended mode
**Guia_15.tex
(Guia_15.tex
LaTeX2e <2015/01/01> patch level 2
Babel <3.9m> and hyphenation patterns for 69 languages loaded.
("C:\Program Files (x86)\MiKTeX 2.9\tex\latex\base\article.cls"
Document Class: article 2014/09/29 v1.4h Standard LaTeX document class
("C:\Program Files (x86)\MiKTeX 2.9\tex\latex\base\size10.clo"
File: size10.clo 2014/09/29 v1.4h Standard LaTeX file (size option)
)
\c@part=\count79
\c@section=\count80
\c@subsection=\count81
\c@subsubsection=\count82
\c@paragraph=\count83
\c@subparagraph=\count84
\c@figure=\count85
\c@table=\count86
\abovecaptionskip=\skip41
\belowcaptionskip=\skip42
\bibindent=\dimen102
)
("C:\Program Files (x86)\MiKTeX 2.9\tex\latex\graphics\graphicx.sty"
Package: graphicx 2014/10/28 v1.0g Enhanced LaTeX Graphics (DPC,SPQR)

("C:\Program Files (x86)\MiKTeX 2.9\tex\latex\graphics\keyval.sty"
Package: keyval 2014/10/28 v1.15 key=value parser (DPC)
\KV@toks@=\toks14
)
("C:\Program Files (x86)\MiKTeX 2.9\tex\latex\graphics\graphics.sty"
Package: graphics 2014/10/28 v1.0p Standard LaTeX Graphics (DPC,SPQR)

("C:\Program Files (x86)\MiKTeX 2.9\tex\latex\graphics\trig.sty"
Package: trig 1999/03/16 v1.09 sin cos tan (DPC)
)
("C:\Program Files (x86)\MiKTeX 2.9\tex\latex\00miktex\graphics.cfg"
File: graphics.cfg 2007/01/18 v1.5 graphics configuration of teTeX/TeXLive
)
Package graphics Info: Driver file: pdftex.def on input line 94.

("C:\Program Files (x86)\MiKTeX 2.9\tex\latex\pdftex-def\pdftex.def"
File: pdftex.def 2011/05/27 v0.06d Graphics/color for pdfTeX

("C:\Program Files (x86)\MiKTeX 2.9\tex\generic\oberdiek\infwarerr.sty"
Package: infwarerr 2010/04/08 v1.3 Providing info/warning/error messages (HO)
)
("C:\Program Files (x86)\MiKTeX 2.9\tex\generic\oberdiek\ltxcmds.sty"
Package: ltxcmds 2011/11/09 v1.22 LaTeX kernel commands for general use (HO)
)
\Gread@gobject=\count87
))
\Gin@req@height=\dimen103
\Gin@req@width=\dimen104
)
("C:\Program Files (x86)\MiKTeX 2.9\tex\latex\graphics\color.sty"
Package: color 2014/10/28 v1.1a Standard LaTeX Color (DPC)

("C:\Program Files (x86)\MiKTeX 2.9\tex\latex\00miktex\color.cfg"
File: color.cfg 2007/01/18 v1.5 color configuration of teTeX/TeXLive
)
Package color Info: Driver file: pdftex.def on input line 142.
) (framed.sty
Package: framed 2011/10/22 v 0.96: framed or shaded text with page breaks
\OuterFrameSep=\skip43
\fb@frw=\dimen105
\fb@frh=\dimen106
\FrameRule=\dimen107
\FrameSep=\dimen108
) ("C:\Program Files (x86)\MiKTeX 2.9\tex\latex\base\alltt.sty"
Package: alltt 1997/06/16 v2.0g defines alltt environment
)
("C:\Program Files (x86)\MiKTeX 2.9\tex\latex\upquote\upquote.sty"
Package: upquote 2012/04/19 v1.3 upright-quote and grave-accent glyphs in verba
tim
)
(Guia_15.aux)
LaTeX Font Info:    Checking defaults for OML/cmm/m/it on input line 52.
LaTeX Font Info:    ... okay on input line 52.
LaTeX Font Info:    Checking defaults for T1/cmr/m/n on input line 52.
LaTeX Font Info:    ... okay on input line 52.
LaTeX Font Info:    Checking defaults for OT1/cmr/m/n on input line 52.
LaTeX Font Info:    ... okay on input line 52.
LaTeX Font Info:    Checking defaults for OMS/cmsy/m/n on input line 52.
LaTeX Font Info:    ... okay on input line 52.
LaTeX Font Info:    Checking defaults for OMX/cmex/m/n on input line 52.
LaTeX Font Info:    ... okay on input line 52.
LaTeX Font Info:    Checking defaults for U/cmr/m/n on input line 52.
LaTeX Font Info:    ... okay on input line 52.
 ("C:\Program Files (x86)\MiKTeX 2.9\tex\context\base\supp-pdf.mkii"
[Loading MPS to PDF converter (version 2006.09.02).]
\scratchcounter=\count88
\scratchdimen=\dimen109
\scratchbox=\box26
\nofMPsegments=\count89
\nofMParguments=\count90
\everyMPshowfont=\toks15
\MPscratchCnt=\count91
\MPscratchDim=\dimen110
\MPnumerator=\count92
\makeMPintoPDFobject=\count93
\everyMPtoPDFconversion=\toks16
)
Package color Info: Redefining color shadecolor on input line 55.
Missing character: There is no ó in font cmitt10!
LaTeX Font Info:    Font shape `OT1/cmtt/bx/n' in size <10> not available
(Font)              Font shape `OT1/cmtt/m/n' tried instead on input line 61.

Overfull \hbox (55.73264pt too wide) in paragraph at lines 81--81
[][]\OT1/cmtt/m/it/10 #Luego multiplicando ambas probabilidades se obtiene el v
alor pedido 0.1728.[][] 
 []

Missing character: There is no í in font cmitt10!
Missing character: There is no ñ in font cmitt10!
Missing character: There is no á in font cmitt10!
Missing character: There is no ú in font cmitt10!
Missing character: There is no ó in font cmitt10!

Overfull \hbox (11.99689pt too wide) in paragraph at lines 190--190
[]\OT1/cmtt/m/n/10 ##   [1] -1.78672151  0.85148167  1.12108331  2.94604945  1.
85549998[] 
 []


Overfull \hbox (11.99689pt too wide) in paragraph at lines 190--190
[]\OT1/cmtt/m/n/10 ##   [6] -0.10239208  2.74980291  2.80787862 -1.52833875  0.
40530748[] 
 []


Overfull \hbox (11.99689pt too wide) in paragraph at lines 190--190
[]\OT1/cmtt/m/n/10 ##  [11]  2.05157856  3.70321236 -1.60565074 -0.87015618  0.
92881572[] 
 []


Overfull \hbox (11.99689pt too wide) in paragraph at lines 190--190
[]\OT1/cmtt/m/n/10 ##  [16] -1.55256795 -0.61725472  3.04658179  0.82549123 -0.
30499210[] 
 []


Overfull \hbox (11.99689pt too wide) in paragraph at lines 190--190
[]\OT1/cmtt/m/n/10 ##  [21]  1.56175958  2.63558638 -1.54437910  1.59376547  0.
33532904[] 
 []


Overfull \hbox (11.99689pt too wide) in paragraph at lines 190--190
[]\OT1/cmtt/m/n/10 ##  [26]  2.04604289  1.43658819 -1.87119228  2.16550460  0.
34940446[] 
 []


Overfull \hbox (11.99689pt too wide) in paragraph at lines 190--190
[]\OT1/cmtt/m/n/10 ##  [31]  1.78040802 -0.75552233 -0.41103175 -0.66404002  0.
20232600[] 
 []


Overfull \hbox (11.99689pt too wide) in paragraph at lines 190--190
[]\OT1/cmtt/m/n/10 ##  [36] -0.59240274  2.60445342  3.57645639  3.71405089  2.
94699732[] 
 []


Overfull \hbox (11.99689pt too wide) in paragraph at lines 190--190
[]\OT1/cmtt/m/n/10 ##  [41] -0.18213900  1.01361124  2.93989904  3.33712766  1.
74952192[] 
 []


Overfull \hbox (11.99689pt too wide) in paragraph at lines 190--190
[]\OT1/cmtt/m/n/10 ##  [46]  3.34520821 -0.02171428  3.02379991 -1.34041660 -0.
51851305[] 
 []


Overfull \hbox (11.99689pt too wide) in paragraph at lines 190--190
[]\OT1/cmtt/m/n/10 ##  [51]  0.16958473  3.50735721 -0.95405323 -0.90590808  1.
25112336[] 
 []


Overfull \hbox (11.99689pt too wide) in paragraph at lines 190--190
[]\OT1/cmtt/m/n/10 ##  [56]  0.15536461  0.66958083 -0.32527305  1.93682252  1.
01384368[] 
 []


Overfull \hbox (11.99689pt too wide) in paragraph at lines 190--190
[]\OT1/cmtt/m/n/10 ##  [61]  3.92737085  1.54075329  0.52211769  3.28633773 -0.
59121128[] 
 []


Overfull \hbox (11.99689pt too wide) in paragraph at lines 190--190
[]\OT1/cmtt/m/n/10 ##  [66]  1.45632177  2.32490851  0.35540944  0.55875677  1.
50443290[] 
 []


Overfull \hbox (11.99689pt too wide) in paragraph at lines 190--190
[]\OT1/cmtt/m/n/10 ##  [71] -1.35523254 -1.86720029  0.10356513 -0.90074222 -1.
17610321[] 
 []


Overfull \hbox (11.99689pt too wide) in paragraph at lines 190--190
[]\OT1/cmtt/m/n/10 ##  [76]  1.88856098 -0.20652818  3.13401175 -0.60038070  0.
23658700[] 
 []


Overfull \hbox (11.99689pt too wide) in paragraph at lines 190--190
[]\OT1/cmtt/m/n/10 ##  [81]  3.18489457 -1.03450437 -0.18819307  2.42355529  2.
15219891[] 
 []


Overfull \hbox (11.99689pt too wide) in paragraph at lines 190--190
[]\OT1/cmtt/m/n/10 ##  [86]  2.01921593 -1.10257699 -1.17598028 -1.18196594  2.
34052945[] 
 []


Overfull \hbox (11.99689pt too wide) in paragraph at lines 190--190
[]\OT1/cmtt/m/n/10 ##  [91]  0.03049696 -1.87056786 -1.12698389  2.90228020  0.
42798421[] 
 []


Overfull \hbox (11.99689pt too wide) in paragraph at lines 190--190
[]\OT1/cmtt/m/n/10 ##  [96]  2.33321620  3.56270414 -1.70632363 -1.42930933  2.
96808952[] 
 []

Missing character: There is no ñ in font cmitt10!

Overfull \hbox (101.24611pt too wide) in paragraph at lines 193--193
[][]\OT1/cmtt/m/n/10 hist[][](x,[] []main[][]=[][]"X ~ Uniforme(min=-2, max=4"[
][],[] []xlab[][]=[][]"X"[][],[] []ylab[][]=[][]"densidad de probabilidad"[][],
[][] 
 []

Missing character: There is no ó in font cmitt10!
Missing character: There is no ó in font cmitt10!

Overfull \hbox (66.23254pt too wide) in paragraph at lines 195--195
[][]\OT1/cmtt/m/it/10 # Graficar la funcin de densidad, use la funcin curve() p
ara variable continua[][] 
 []

[1

{C:/Users/Roxy/AppData/Local/MiKTeX/2.9/pdftex/config/pdftex.map}] [2]
<figure/unnamed-chunk-1-1.pdf, id=11, 505.89pt x 505.89pt>
File: figure/unnamed-chunk-1-1.pdf Graphic file (type pdf)

<use figure/unnamed-chunk-1-1.pdf>
Package pdftex.def Info: figure/unnamed-chunk-1-1.pdf used on input line 199.
(pdftex.def)             Requested size: 345.0pt x 345.00414pt.

Overfull \hbox (15.0pt too wide) in paragraph at lines 199--200
[][] 
 []

Missing character: There is no ó in font cmitt10!
Missing character: There is no ó in font cmitt10!

Overfull \hbox (153.74565pt too wide) in paragraph at lines 205--205
[][]\OT1/cmtt/m/n/10 hist[][](x.norm,[] []breaks[] []=[] []"Sturges"[][],[] []f
req[] []=[] []TRUE[][],[] []probability[] []=[] []FALSE[][],[] []include.lowest
[] []=[] []TRUE[][],[] []right[][] 
 []


Overfull \hbox (137.99579pt too wide) in paragraph at lines 206--207
[][]\OT1/cmtt/m/n/10 =[] []TRUE[][],[] []density[] []=[] []NULL[][],[] []angle[
] []=[] []45[][],[] []col[] []=[] []"steelblue1"[][],[] []border[] []=[] []NULL
[][],[] []main[] []=[] []"Histograma de[] 
 []

[3 <./figure/unnamed-chunk-1-1.pdf>]
<figure/unnamed-chunk-1-2.pdf, id=21, 505.89pt x 505.89pt>
File: figure/unnamed-chunk-1-2.pdf Graphic file (type pdf)

<use figure/unnamed-chunk-1-2.pdf>
Package pdftex.def Info: figure/unnamed-chunk-1-2.pdf used on input line 210.
(pdftex.def)             Requested size: 345.0pt x 345.00414pt.

Overfull \hbox (15.0pt too wide) in paragraph at lines 210--211
[][] 
 []

<figure/unnamed-chunk-1-3.pdf, id=22, 505.89pt x 505.89pt>
File: figure/unnamed-chunk-1-3.pdf Graphic file (type pdf)

<use figure/unnamed-chunk-1-3.pdf>
Package pdftex.def Info: figure/unnamed-chunk-1-3.pdf used on input line 215.
(pdftex.def)             Requested size: 345.0pt x 345.00414pt.

Overfull \hbox (15.0pt too wide) in paragraph at lines 215--216
[][] 
 []

[4 <./figure/unnamed-chunk-1-2.pdf>]
Missing character: There is no ó in font cmtt10!
Missing character: There is no ó in font cmtt10!
Missing character: There is no ó in font cmtt10!

<figure/unnamed-chunk-1-4.pdf, id=32, 505.89pt x 505.89pt>
File: figure/unnamed-chunk-1-4.pdf Graphic file (type pdf)

<use figure/unnamed-chunk-1-4.pdf>
Package pdftex.def Info: figure/unnamed-chunk-1-4.pdf used on input line 220.
(pdftex.def)             Requested size: 345.0pt x 345.00414pt.

Overfull \hbox (15.0pt too wide) in paragraph at lines 220--221
[][] 
 []

[5 <./figure/unnamed-chunk-1-3.pdf>]
Missing character: There is no á in font cmitt10!
Missing character: There is no ú in font cmitt10!
Missing character: There is no ó in font cmitt10!

Overfull \hbox (27.74675pt too wide) in paragraph at lines 243--243
[]\OT1/cmtt/m/n/10 ##   [1] 4.029920 5.821386 4.641438 3.449032 3.627814 3.9353
07 3.758119[] 
 []


Overfull \hbox (27.74675pt too wide) in paragraph at lines 243--243
[]\OT1/cmtt/m/n/10 ##   [8] 5.915371 3.792341 3.529290 4.584295 4.024424 4.2498
60 4.009177[] 
 []


Overfull \hbox (27.74675pt too wide) in paragraph at lines 243--243
[]\OT1/cmtt/m/n/10 ##  [15] 5.070156 4.204805 3.684109 2.772989 4.377355 5.9177
58 3.018638[] 
 []


Overfull \hbox (27.74675pt too wide) in paragraph at lines 243--243
[]\OT1/cmtt/m/n/10 ##  [22] 4.568907 4.569531 6.004569 4.734568 3.371605 4.4831
81 4.290884[] 
 []


Overfull \hbox (27.74675pt too wide) in paragraph at lines 243--243
[]\OT1/cmtt/m/n/10 ##  [29] 4.634000 3.555631 4.935092 6.247813 4.930580 4.7129
99 4.694150[] 
 []


Overfull \hbox (27.74675pt too wide) in paragraph at lines 243--243
[]\OT1/cmtt/m/n/10 ##  [36] 4.535441 4.058150 5.181461 4.363378 4.548020 5.3490
70 4.423880[] 
 []


Overfull \hbox (27.74675pt too wide) in paragraph at lines 243--243
[]\OT1/cmtt/m/n/10 ##  [43] 3.822976 3.297098 4.842226 4.455268 4.818021 5.2708
18 3.815976[] 
 []


Overfull \hbox (27.74675pt too wide) in paragraph at lines 243--243
[]\OT1/cmtt/m/n/10 ##  [50] 4.108719 4.029195 4.141446 3.919951 3.609675 3.7802
59 5.338455[] 
 []


Overfull \hbox (27.74675pt too wide) in paragraph at lines 243--243
[]\OT1/cmtt/m/n/10 ##  [57] 5.214300 4.233535 6.347621 3.723949 5.075039 3.7444
12 4.758563[] 
 []


Overfull \hbox (27.74675pt too wide) in paragraph at lines 243--243
[]\OT1/cmtt/m/n/10 ##  [64] 3.894228 3.383547 3.886360 5.796572 4.351904 4.8723
32 4.528315[] 
 []


Overfull \hbox (27.74675pt too wide) in paragraph at lines 243--243
[]\OT1/cmtt/m/n/10 ##  [71] 4.531842 4.927489 5.464806 5.025385 4.082680 3.2977
37 5.214124[] 
 []


Overfull \hbox (27.74675pt too wide) in paragraph at lines 243--243
[]\OT1/cmtt/m/n/10 ##  [78] 4.084597 4.566551 4.445609 4.622740 4.576680 5.0527
74 3.797365[] 
 []


Overfull \hbox (27.74675pt too wide) in paragraph at lines 243--243
[]\OT1/cmtt/m/n/10 ##  [85] 3.654596 5.209509 2.983339 5.280811 4.795568 4.9007
34 4.049733[] 
 []


Overfull \hbox (27.74675pt too wide) in paragraph at lines 243--243
[]\OT1/cmtt/m/n/10 ##  [92] 4.624722 5.341009 4.282888 5.785911 3.736081 4.9495
83 4.593777[] 
 []

Missing character: There is no ñ in font cmitt10!

Overfull \hbox (179.99542pt too wide) in paragraph at lines 246--247
[][]\OT1/cmtt/m/n/10 hist[][](x,[][]main[][]=[][]expression[][]([][]paste[][]([
][]"X ~ N("[][], mu,[] []" = 4.5, "[][], sigma,[] []" = 0.75)"[][])),[] []xlab[
][]=[][]"X"[][],[] []ylab[][]=[][]"densidad[] 
 []

[6 <./figure/unnamed-chunk-1-4.pdf>]
<figure/unnamed-chunk-1-5.pdf, id=51, 505.89pt x 505.89pt>
File: figure/unnamed-chunk-1-5.pdf Graphic file (type pdf)

<use figure/unnamed-chunk-1-5.pdf>
Package pdftex.def Info: figure/unnamed-chunk-1-5.pdf used on input line 251.
(pdftex.def)             Requested size: 345.0pt x 345.00414pt.

Overfull \hbox (15.0pt too wide) in paragraph at lines 251--252
[][] 
 []

Missing character: There is no á in font cmitt10!
Missing character: There is no ú in font cmitt10!
Missing character: There is no ó in font cmitt10!

Overfull \hbox (11.99689pt too wide) in paragraph at lines 279--279
[]\OT1/cmtt/m/n/10 ##   [1] 19760.35572   307.75717  5619.60345  2559.45081  40
01.14564[] 
 []


Overfull \hbox (11.99689pt too wide) in paragraph at lines 279--279
[]\OT1/cmtt/m/n/10 ##   [6]  1176.34429 13891.49632  1175.76155   389.79929  32
42.60891[] 
 []


Overfull \hbox (11.99689pt too wide) in paragraph at lines 279--279
[]\OT1/cmtt/m/n/10 ##  [11]   712.13648   862.90596  1895.92928  6033.00871  41
78.98859[] 
 []


Overfull \hbox (11.99689pt too wide) in paragraph at lines 279--279
[]\OT1/cmtt/m/n/10 ##  [16]  3213.49653  2831.33511  1862.33767  3790.25644   1
02.35523[] 
 []


Overfull \hbox (11.99689pt too wide) in paragraph at lines 279--279
[]\OT1/cmtt/m/n/10 ##  [21]   572.85660  1362.69657    41.77218  1409.35913  21
16.03617[] 
 []


Overfull \hbox (11.99689pt too wide) in paragraph at lines 279--279
[]\OT1/cmtt/m/n/10 ##  [26]  2873.05052   909.01085  4016.74853   834.97153   8
97.77319[] 
 []


Overfull \hbox (11.99689pt too wide) in paragraph at lines 279--279
[]\OT1/cmtt/m/n/10 ##  [31]  2764.45945   766.67769   926.10437    34.80731   8
64.51839[] 
 []


Overfull \hbox (11.99689pt too wide) in paragraph at lines 279--279
[]\OT1/cmtt/m/n/10 ##  [36]  2185.20984   828.51697  1379.21548   697.26236   6
05.44715[] 
 []


Overfull \hbox (11.99689pt too wide) in paragraph at lines 279--279
[]\OT1/cmtt/m/n/10 ##  [41]  1942.30793  1041.32961   137.68112  5635.62383  10
17.62088[] 
 []


Overfull \hbox (11.99689pt too wide) in paragraph at lines 279--279
[]\OT1/cmtt/m/n/10 ##  [46]  6117.64887  6605.00451  1823.57488  3268.44387  11
61.68630[] 
 []


Overfull \hbox (11.99689pt too wide) in paragraph at lines 279--279
[]\OT1/cmtt/m/n/10 ##  [51]  1325.85331   985.74760   971.46592  2570.25076   6
61.17817[] 
 []


Overfull \hbox (11.99689pt too wide) in paragraph at lines 279--279
[]\OT1/cmtt/m/n/10 ##  [56]  1659.41369  1432.45270   401.57865  5781.98247  30
77.51985[] 
 []


Overfull \hbox (11.99689pt too wide) in paragraph at lines 279--279
[]\OT1/cmtt/m/n/10 ##  [61]   442.29178   257.39089  2178.98322   226.08883  21
05.56829[] 
 []


Overfull \hbox (11.99689pt too wide) in paragraph at lines 279--279
[]\OT1/cmtt/m/n/10 ##  [66]  2731.48244  1979.25972  4852.03465  3176.73497  36
74.89756[] 
 []


Overfull \hbox (11.99689pt too wide) in paragraph at lines 279--279
[]\OT1/cmtt/m/n/10 ##  [71]   901.98397  1117.61819  2445.20432  4029.85698  21
36.55071[] 
 []


Overfull \hbox (11.99689pt too wide) in paragraph at lines 279--279
[]\OT1/cmtt/m/n/10 ##  [76]  5719.89317  1194.77528  2232.32886  3677.43191   3
86.57073[] 
 []


Overfull \hbox (11.99689pt too wide) in paragraph at lines 279--279
[]\OT1/cmtt/m/n/10 ##  [81]  1232.50977   902.41699   338.88838  1503.28907   8
03.62819[] 
 []


Overfull \hbox (11.99689pt too wide) in paragraph at lines 279--279
[]\OT1/cmtt/m/n/10 ##  [86]  2195.38963   873.26272  3323.61484   152.24885  71
38.52412[] 
 []


Overfull \hbox (11.99689pt too wide) in paragraph at lines 279--279
[]\OT1/cmtt/m/n/10 ##  [91]   552.95901  3611.55573  1260.97157  1769.35024  35
34.44546[] 
 []


Overfull \hbox (11.99689pt too wide) in paragraph at lines 279--279
[]\OT1/cmtt/m/n/10 ##  [96]  1579.08208  2503.20230  3371.44982   269.78498  10
37.28200[] 
 []

Missing character: There is no ñ in font cmitt10!

Overfull \hbox (127.49588pt too wide) in paragraph at lines 282--282
[][]\OT1/cmtt/m/n/10 hist[][](x,[] []main[][]=[][]"X ~ Exponencial( media = 250
0 )"[][],[] []xlab[][]=[][]"X"[][],[] []ylab[][]=[][]"densidad de probabilidad"
[][],[][] 
 []

[7 <./figure/unnamed-chunk-1-5.pdf>]
<figure/unnamed-chunk-1-6.pdf, id=62, 505.89pt x 505.89pt>
File: figure/unnamed-chunk-1-6.pdf Graphic file (type pdf)

<use figure/unnamed-chunk-1-6.pdf>
Package pdftex.def Info: figure/unnamed-chunk-1-6.pdf used on input line 287.
(pdftex.def)             Requested size: 345.0pt x 345.00414pt.

Overfull \hbox (15.0pt too wide) in paragraph at lines 287--288
[][] 
 []

[8] [9 <./figure/unnamed-chunk-1-6.pdf>] [10] (Guia_15.aux) ) 
Here is how much of TeX's memory you used:
 1272 strings out of 493673
 17308 string characters out of 3141533
 90129 words of memory out of 3000000
 4649 multiletter control sequences out of 15000+200000
 3976 words of font info for 16 fonts, out of 3000000 for 9000
 1025 hyphenation exceptions out of 8191
 27i,5n,19p,298b,244s stack positions out of 5000i,500n,10000p,200000b,50000s
<C:/Program Files 
(x86)/MiKTeX 2.9/fonts/type1/public/amsfonts/cm/cmitt10.pfb><C:/Program Files (
x86)/MiKTeX 2.9/fonts/type1/public/amsfonts/cm/cmr10.pfb><C:/Program Files (x86
)/MiKTeX 2.9/fonts/type1/public/amsfonts/cm/cmtt10.pfb>
Output written on Guia_15.pdf (10 pages, 98041 bytes).
PDF statistics:
 89 PDF objects out of 1000 (max. 8388607)
 0 named destinations out of 1000 (max. 500000)
 31 words of extra memory for PDF output out of 10000 (max. 10000000)

